

Microchip MPLAB XC8 Assembler V2.31 build 20201012212115 
                                                                                               Thu Mar  4 15:35:17 2021

Microchip MPLAB XC8 C Compiler v2.31 (Free license) build 20201012212115 Og1 
     1                           	processor	18F27Q43
     2                           	fnconf	rparam,??,?,0
     3                           	pagewidth 120
     4                           	opt	flic
     5                           	psect	idataCOMRAM,global,class=CODE,delta=1,noexec
     6                           	psect	nvCOMRAM,global,class=COMRAM,space=1,delta=1,lowdata,noexec
     7                           	psect	cinit,global,reloc=2,class=CODE,delta=1
     8                           	psect	bssCOMRAM,global,class=COMRAM,space=1,delta=1,lowdata,noexec
     9                           	psect	dataCOMRAM,global,class=COMRAM,space=1,delta=1,lowdata,noexec
    10                           	psect	cstackCOMRAM,global,class=COMRAM,space=1,delta=1,lowdata,noexec
    11                           	psect	text0,global,reloc=2,class=CODE,delta=1
    12                           	psect	text1,global,reloc=2,class=CODE,delta=1
    13                           	psect	text2,global,reloc=2,class=CODE,delta=1
    14                           	psect	text3,global,reloc=2,class=CODE,delta=1
    15                           	psect	text4,global,reloc=2,class=CODE,delta=1
    16                           	psect	text5,global,reloc=2,class=CODE,delta=1
    17                           	psect	text6,global,reloc=2,class=CODE,delta=1
    18                           	psect	text7,global,reloc=2,class=CODE,delta=1
    19                           	psect	intsave_regs,global,class=BIGRAM,space=1,delta=1,noexec
    20                           	psect	rparam,global,class=COMRAM,space=1,delta=1,noexec
    21                           	psect	idloc,global,abs,ovrld,class=IDLOC,space=5,delta=1,noexec
    22                           	psect	config,global,abs,ovrld,class=CONFIG,space=4,delta=1,noexec
    23  0000                     
    24                           ; Version 2.30
    25                           ; Generated 20/08/2020 GMT
    26                           ; 
    27                           ; Copyright © 2020, Microchip Technology Inc. and its subsidiaries ("Microchip")
    28                           ; All rights reserved.
    29                           ; 
    30                           ; This software is developed by Microchip Technology Inc. and its subsidiaries ("Microch
      +                          ip").
    31                           ; 
    32                           ; Redistribution and use in source and binary forms, with or without modification, are
    33                           ; permitted provided that the following conditions are met:
    34                           ; 
    35                           ;     1. Redistributions of source code must retain the above copyright notice, this lis
      +                          t of
    36                           ;        conditions and the following disclaimer.
    37                           ; 
    38                           ;     2. Redistributions in binary form must reproduce the above copyright notice, this 
      +                          list
    39                           ;        of conditions and the following disclaimer in the documentation and/or other
    40                           ;        materials provided with the distribution. Publication is not required when
    41                           ;        this file is used in an embedded application.
    42                           ; 
    43                           ;     3. Microchip's name may not be used to endorse or promote products derived from th
      +                          is
    44                           ;        software without specific prior written permission.
    45                           ; 
    46                           ; THIS SOFTWARE IS PROVIDED BY MICROCHIP "AS IS" AND ANY EXPRESS OR IMPLIED WARRANTIES,
    47                           ; INCLUDING, BUT NOT LIMITED TO, THE IMPLIED WARRANTIES OF MERCHANTABILITY AND FITNESS F
      +                          OR
    48                           ; PURPOSE ARE DISCLAIMED.  IN NO EVENT SHALL MICROCHIP BE LIABLE FOR ANY DIRECT, INDIREC
      +                          T,
    49                           ; INCIDENTAL, SPECIAL, EXEMPLARY, OR CONSEQUENTIAL DAMAGES (INCLUDING BUT NOT LIMITED TO
    50                           ; PROCUREMENT OF SUBSTITUTE GOODS OR SERVICES; LOSS OF USE, DATA OR PROFITS; OR BUSINESS
    51                           ; INTERRUPTION) HOWSOEVER CAUSED AND ON ANY THEORY OF LIABILITY, WHETHER IN CONTRACT, ST
      +                          RICT
    52                           ; LIABILITY, OR TORT (INCLUDING NEGLIGENCE OR OTHERWISE) ARISING IN ANY WAY OUT OF THE U
      +                          SE OF
    53                           ; THIS SOFTWARE, EVEN IF ADVISED OF THE POSSIBILITY OF SUCH DAMAGE.
    54                           ; 
    55                           ; 
    56                           ; Code-generator required, PIC18F27Q43 Definitions
    57                           ; 
    58                           ; SFR Addresses
    59  0000                     
    60                           	psect	idataCOMRAM
    61  01FEA2                     __pidataCOMRAM:
    62                           	callstack 0
    63                           
    64                           ;initializer for UserAppRun@F15927
    65  01FEA2  01                 	db	1
    66  01FEA3  02                 	db	2
    67  01FEA4  04                 	db	4
    68  01FEA5  08                 	db	8
    69  01FEA6  10                 	db	16
    70  01FEA7  20                 	db	32
    71                           
    72                           	psect	nvCOMRAM
    73  00051C                     __pnvCOMRAM:
    74                           	callstack 0
    75  00051C                     UserAppRun@u16counter:
    76                           	callstack 0
    77  00051C                     	ds	2
    78  0000                     _T0CON1	set	795
    79  0000                     _TMR0H	set	793
    80  0000                     _TMR0L	set	792
    81  0000                     _T0CON0	set	794
    82  0000                     _ANSELA	set	1024
    83  0000                     _LATA	set	1214
    84  0000                     _PIR3	set	1201
    85  0000                     _TRISA	set	1222
    86  0000                     _PORTA	set	1230
    87                           
    88                           ; #config settings
    89                           
    90                           	psect	cinit
    91  01FF12                     __pcinit:
    92                           	callstack 0
    93  01FF12                     start_initialization:
    94                           	callstack 0
    95  01FF12                     __initialization:
    96                           	callstack 0
    97                           
    98                           ; Initialize objects allocated to COMRAM (6 bytes)
    99                           ; load TBLPTR registers with __pidataCOMRAM
   100  01FF12  0EA2               	movlw	low __pidataCOMRAM
   101  01FF14  6EF6               	movwf	tblptrl,c
   102  01FF16  0EFE               	movlw	high __pidataCOMRAM
   103  01FF18  6EF7               	movwf	tblptrh,c
   104  01FF1A  0E01               	movlw	low (__pidataCOMRAM shr (0+16))
   105  01FF1C  6EF8               	movwf	tblptru,c
   106  01FF1E  EE01  F110         	lfsr	0,__pdataCOMRAM
   107  01FF22  EE10 F006          	lfsr	1,6
   108  01FF26                     copy_data0:
   109  01FF26  0009               	tblrd		*+
   110  01FF28  C4F5 F4EE          	movff	tablat,postinc0
   111  01FF2C  50E5               	movf	postdec1,w,c
   112  01FF2E  50E1               	movf	fsr1l,w,c
   113  01FF30  E1FA               	bnz	copy_data0
   114                           
   115                           ; Clear objects allocated to COMRAM (15 bytes)
   116  01FF32  EE01  F101         	lfsr	0,__pbssCOMRAM
   117  01FF36  0E0F               	movlw	15
   118  01FF38                     clear_0:
   119  01FF38  6AEE               	clrf	postinc0,c
   120  01FF3A  06E8               	decf	wreg,f,c
   121  01FF3C  E1FD               	bnz	clear_0
   122  01FF3E                     end_of_initialization:
   123                           	callstack 0
   124  01FF3E                     __end_of__initialization:
   125                           	callstack 0
   126  01FF3E  0100               	movlb	0
   127  01FF40  EFA2  F0FF         	goto	_main	;jump to C main() function
   128                           
   129                           	psect	bssCOMRAM
   130  000501                     __pbssCOMRAM:
   131                           	callstack 0
   132  000501                     _G_u32SystemFlags:
   133                           	callstack 0
   134  000501                     	ds	4
   135  000505                     _G_u32SystemTime1s:
   136                           	callstack 0
   137  000505                     	ds	4
   138  000509                     _G_u32SystemTime1ms:
   139                           	callstack 0
   140  000509                     	ds	4
   141  00050D                     UserAppRun@index:
   142                           	callstack 0
   143  00050D                     	ds	2
   144  00050F                     _G_u8UserAppFlags:
   145                           	callstack 0
   146  00050F                     	ds	1
   147                           
   148                           	psect	dataCOMRAM
   149  000510                     __pdataCOMRAM:
   150                           	callstack 0
   151  000510                     UserAppRun@F15927:
   152                           	callstack 0
   153  000510                     	ds	6
   154                           
   155                           	psect	cstackCOMRAM
   156  000516                     __pcstackCOMRAM:
   157                           	callstack 0
   158  000516                     TimeXus@microsecondsoffset:
   159                           	callstack 0
   160  000516                     UserAppRun@au8Pattern:
   161                           	callstack 0
   162                           
   163                           ; 6 bytes @ 0x0
   164  000516                     	ds	2
   165  000518                     TimeXus@timervalue:
   166                           	callstack 0
   167                           
   168                           ; 2 bytes @ 0x2
   169  000518                     	ds	4
   170  00051C                     
   171                           ; 1 bytes @ 0x6
   172 ;;
   173 ;;Main: autosize = 0, tempsize = 0, incstack = 0, save=0
   174 ;;
   175 ;; *************** function _main *****************
   176 ;; Defined at:
   177 ;;		line 35 in file "main.c"
   178 ;; Parameters:    Size  Location     Type
   179 ;;		None
   180 ;; Auto vars:     Size  Location     Type
   181 ;;		None
   182 ;; Return value:  Size  Location     Type
   183 ;;                  1    wreg      void 
   184 ;; Registers used:
   185 ;;		wreg, fsr1l, fsr1h, fsr2l, fsr2h, status,2, status,0, cstack
   186 ;; Tracked objects:
   187 ;;		On entry : 0/0
   188 ;;		On exit  : 0/0
   189 ;;		Unchanged: 0/0
   190 ;; Data sizes:     COMRAM   BANK5   BANK6   BANK7   BANK8   BANK9  BANK10  BANK11  BANK12  BANK13  BANK14  BANK15  BANK1
      +6  BANK17  BANK18  BANK19  BANK20  BANK21  BANK22  BANK23  BANK24  BANK25  BANK26  BANK27  BANK28  BANK29  BANK30  BANK3
      +1  BANK32  BANK33  BANK34  BANK35  BANK36  BANK37
   191 ;;      Params:         0       0       0       0       0       0       0       0       0       0       0       0       
      +0       0       0       0       0       0       0       0       0       0       0       0       0       0       0       
      +0       0       0       0       0       0       0
   192 ;;      Locals:         0       0       0       0       0       0       0       0       0       0       0       0       
      +0       0       0       0       0       0       0       0       0       0       0       0       0       0       0       
      +0       0       0       0       0       0       0
   193 ;;      Temps:          0       0       0       0       0       0       0       0       0       0       0       0       
      +0       0       0       0       0       0       0       0       0       0       0       0       0       0       0       
      +0       0       0       0       0       0       0
   194 ;;      Totals:         0       0       0       0       0       0       0       0       0       0       0       0       
      +0       0       0       0       0       0       0       0       0       0       0       0       0       0       0       
      +0       0       0       0       0       0       0
   195 ;;Total ram usage:        0 bytes
   196 ;; Hardware stack levels required when called:    1
   197 ;; This function calls:
   198 ;;		_ClockSetup
   199 ;;		_GpioSetup
   200 ;;		_SysTickSetup
   201 ;;		_SystemSleep
   202 ;;		_TimeXus
   203 ;;		_UserAppInitialize
   204 ;;		_UserAppRun
   205 ;; This function is called by:
   206 ;;		Startup code after reset
   207 ;; This function uses a non-reentrant model
   208 ;;
   209                           
   210                           	psect	text0
   211  01FF44                     __ptext0:
   212                           	callstack 0
   213  01FF44                     _main:
   214                           	callstack 127
   215  01FF44                     
   216                           ;main.c: 37:   G_u32SystemFlags |= (u32)0x80000000;
   217  01FF44  8E04               	bsf	(_G_u32SystemFlags+3)^(0+1280),7,c	;volatile
   218  01FF46                     
   219                           ;main.c: 40:   ClockSetup();
   220  01FF46  EC4F  F0FF         	call	_ClockSetup	;wreg free
   221  01FF4A                     
   222                           ;main.c: 41:   SysTickSetup();
   223  01FF4A  EC64  F0FF         	call	_SysTickSetup	;wreg free
   224  01FF4E                     
   225                           ;main.c: 42:   GpioSetup();
   226  01FF4E  EC54  F0FF         	call	_GpioSetup	;wreg free
   227  01FF52                     
   228                           ;main.c: 47:   UserAppInitialize();
   229  01FF52  EC5C  F0FF         	call	_UserAppInitialize	;wreg free
   230  01FF56                     l832:
   231                           
   232                           ;main.c: 53:   {;main.c: 58:      UserAppRun();
   233  01FF56  ECC0  F0FF         	call	_UserAppRun	;wreg free
   234  01FF5A                     
   235                           ;main.c: 63:     SystemSleep();
   236  01FF5A  EC50  F0FF         	call	_SystemSleep	;wreg free
   237  01FF5E                     
   238                           ;main.c: 65:     TimeXus(1000);
   239  01FF5E  0E03               	movlw	3
   240  01FF60  6E17               	movwf	(TimeXus@microsecondsoffset+1)^(0+1280),c
   241  01FF62  0EE8               	movlw	232
   242  01FF64  6E16               	movwf	TimeXus@microsecondsoffset^(0+1280),c
   243  01FF66  EC75  F0FF         	call	_TimeXus	;wreg free
   244  01FF6A                     l50:
   245                           
   246                           ;main.c: 68:     while((PIR3 & 0x80) != 0x80){
   247  01FF6A  AEB1               	btfss	177,7,c	;volatile
   248  01FF6C  EFBA  F0FF         	goto	u51
   249  01FF70  EFBC  F0FF         	goto	u50
   250  01FF74                     u51:
   251  01FF74  EFB5  F0FF         	goto	l50
   252  01FF78                     u50:
   253  01FF78  EFAB  F0FF         	goto	l832
   254  01FF7C  EFFE  F0FF         	goto	start
   255  01FF80                     __end_of_main:
   256                           	callstack 0
   257                           
   258 ;; *************** function _UserAppRun *****************
   259 ;; Defined at:
   260 ;;		line 134 in file "user_app.c"
   261 ;; Parameters:    Size  Location     Type
   262 ;;		None
   263 ;; Auto vars:     Size  Location     Type
   264 ;;  au8Pattern      6    0[COMRAM] unsigned char [6]
   265 ;; Return value:  Size  Location     Type
   266 ;;                  1    wreg      void 
   267 ;; Registers used:
   268 ;;		wreg, fsr1l, fsr1h, fsr2l, fsr2h, status,2, status,0
   269 ;; Tracked objects:
   270 ;;		On entry : 0/0
   271 ;;		On exit  : 0/0
   272 ;;		Unchanged: 0/0
   273 ;; Data sizes:     COMRAM   BANK5   BANK6   BANK7   BANK8   BANK9  BANK10  BANK11  BANK12  BANK13  BANK14  BANK15  BANK1
      +6  BANK17  BANK18  BANK19  BANK20  BANK21  BANK22  BANK23  BANK24  BANK25  BANK26  BANK27  BANK28  BANK29  BANK30  BANK3
      +1  BANK32  BANK33  BANK34  BANK35  BANK36  BANK37
   274 ;;      Params:         0       0       0       0       0       0       0       0       0       0       0       0       
      +0       0       0       0       0       0       0       0       0       0       0       0       0       0       0       
      +0       0       0       0       0       0       0
   275 ;;      Locals:         6       0       0       0       0       0       0       0       0       0       0       0       
      +0       0       0       0       0       0       0       0       0       0       0       0       0       0       0       
      +0       0       0       0       0       0       0
   276 ;;      Temps:          0       0       0       0       0       0       0       0       0       0       0       0       
      +0       0       0       0       0       0       0       0       0       0       0       0       0       0       0       
      +0       0       0       0       0       0       0
   277 ;;      Totals:         6       0       0       0       0       0       0       0       0       0       0       0       
      +0       0       0       0       0       0       0       0       0       0       0       0       0       0       0       
      +0       0       0       0       0       0       0
   278 ;;Total ram usage:        6 bytes
   279 ;; Hardware stack levels used:    1
   280 ;; This function calls:
   281 ;;		Nothing
   282 ;; This function is called by:
   283 ;;		_main
   284 ;; This function uses a non-reentrant model
   285 ;;
   286                           
   287                           	psect	text1
   288  01FF80                     __ptext1:
   289                           	callstack 0
   290  01FF80                     _UserAppRun:
   291                           	callstack 127
   292  01FF80                     
   293                           ;user_app.c: 156:    static u16 u16counter = 0;;user_app.c: 157:    u16counter= u16count
      +                          er+1;
   294  01FF80  0E01               	movlw	1
   295  01FF82  241C               	addwf	UserAppRun@u16counter^(0+1280),w,c
   296  01FF84  6E1C               	movwf	UserAppRun@u16counter^(0+1280),c
   297  01FF86  0E00               	movlw	0
   298  01FF88  201D               	addwfc	(UserAppRun@u16counter+1)^(0+1280),w,c
   299  01FF8A  6E1D               	movwf	(UserAppRun@u16counter+1)^(0+1280),c
   300  01FF8C                     
   301                           ;user_app.c: 169:    static int index = 0;;user_app.c: 170:    u8 au8Pattern[] ={0x01,0x
      +                          02, 0x04, 0x08, 0x10, 0x20};
   302  01FF8C  EE21  F110         	lfsr	2,UserAppRun@F15927
   303  01FF90  EE11  F116         	lfsr	1,UserAppRun@au8Pattern
   304  01FF94  0E05               	movlw	5
   305  01FF96                     u11:
   306  01FF96  C4DB F4E3          	movff	plusw2,plusw1
   307  01FF9A  06E8               	decf	wreg,f,c
   308  01FF9C  E2FC               	bc	u11
   309  01FF9E                     
   310                           ;user_app.c: 172:    if (u16counter >= 200)
   311  01FF9E  501D               	movf	(UserAppRun@u16counter+1)^(0+1280),w,c
   312  01FFA0  E109               	bnz	u20
   313  01FFA2  0EC8               	movlw	200
   314  01FFA4  5C1C               	subwf	UserAppRun@u16counter^(0+1280),w,c
   315  01FFA6  A0D8               	btfss	status,0,c
   316  01FFA8  EFD8  F0FF         	goto	u21
   317  01FFAC  EFDA  F0FF         	goto	u20
   318  01FFB0                     u21:
   319  01FFB0  EFEF  F0FF         	goto	l780
   320  01FFB4                     u20:
   321  01FFB4                     
   322                           ;user_app.c: 173:    {;user_app.c: 175:       u16counter =0;
   323  01FFB4  0E00               	movlw	0
   324  01FFB6  6E1D               	movwf	(UserAppRun@u16counter+1)^(0+1280),c
   325  01FFB8  0E00               	movlw	0
   326  01FFBA  6E1C               	movwf	UserAppRun@u16counter^(0+1280),c
   327                           
   328                           ;user_app.c: 176:       LATA = 0x80;
   329  01FFBC  0E80               	movlw	128
   330  01FFBE  6EBE               	movwf	190,c	;volatile
   331  01FFC0                     
   332                           ;user_app.c: 177:       LATA = LATA | au8Pattern[index];
   333  01FFC0  0E16               	movlw	low UserAppRun@au8Pattern
   334  01FFC2  240D               	addwf	UserAppRun@index^(0+1280),w,c
   335  01FFC4  6ED9               	movwf	fsr2l,c
   336  01FFC6  0E05               	movlw	high UserAppRun@au8Pattern
   337  01FFC8  200E               	addwfc	(UserAppRun@index+1)^(0+1280),w,c
   338  01FFCA  6EDA               	movwf	fsr2h,c
   339  01FFCC  50DF               	movf	indf2,w,c
   340  01FFCE  10BE               	iorwf	190,w,c	;volatile
   341  01FFD0  6EBE               	movwf	190,c	;volatile
   342  01FFD2                     
   343                           ;user_app.c: 179:       index = index +1;
   344  01FFD2  0E01               	movlw	1
   345  01FFD4  240D               	addwf	UserAppRun@index^(0+1280),w,c
   346  01FFD6  6E0D               	movwf	UserAppRun@index^(0+1280),c
   347  01FFD8  0E00               	movlw	0
   348  01FFDA  200E               	addwfc	(UserAppRun@index+1)^(0+1280),w,c
   349  01FFDC  6E0E               	movwf	(UserAppRun@index+1)^(0+1280),c
   350  01FFDE                     l780:
   351                           
   352                           ;user_app.c: 182:    if(index == 6)
   353  01FFDE  0E06               	movlw	6
   354  01FFE0  180D               	xorwf	UserAppRun@index^(0+1280),w,c
   355  01FFE2  100E               	iorwf	(UserAppRun@index+1)^(0+1280),w,c
   356  01FFE4  A4D8               	btfss	status,2,c
   357  01FFE6  EFF7  F0FF         	goto	u31
   358  01FFEA  EFF9  F0FF         	goto	u30
   359  01FFEE                     u31:
   360  01FFEE  EFFD  F0FF         	goto	l86
   361  01FFF2                     u30:
   362  01FFF2                     
   363                           ;user_app.c: 183:    {;user_app.c: 184:       index=0;
   364  01FFF2  0E00               	movlw	0
   365  01FFF4  6E0E               	movwf	(UserAppRun@index+1)^(0+1280),c
   366  01FFF6  0E00               	movlw	0
   367  01FFF8  6E0D               	movwf	UserAppRun@index^(0+1280),c
   368  01FFFA                     l86:
   369  01FFFA  0012               	return		;funcret
   370  01FFFC                     __end_of_UserAppRun:
   371                           	callstack 0
   372                           
   373 ;; *************** function _UserAppInitialize *****************
   374 ;; Defined at:
   375 ;;		line 110 in file "user_app.c"
   376 ;; Parameters:    Size  Location     Type
   377 ;;		None
   378 ;; Auto vars:     Size  Location     Type
   379 ;;		None
   380 ;; Return value:  Size  Location     Type
   381 ;;                  1    wreg      void 
   382 ;; Registers used:
   383 ;;		wreg, status,2
   384 ;; Tracked objects:
   385 ;;		On entry : 0/0
   386 ;;		On exit  : 0/0
   387 ;;		Unchanged: 0/0
   388 ;; Data sizes:     COMRAM   BANK5   BANK6   BANK7   BANK8   BANK9  BANK10  BANK11  BANK12  BANK13  BANK14  BANK15  BANK1
      +6  BANK17  BANK18  BANK19  BANK20  BANK21  BANK22  BANK23  BANK24  BANK25  BANK26  BANK27  BANK28  BANK29  BANK30  BANK3
      +1  BANK32  BANK33  BANK34  BANK35  BANK36  BANK37
   389 ;;      Params:         0       0       0       0       0       0       0       0       0       0       0       0       
      +0       0       0       0       0       0       0       0       0       0       0       0       0       0       0       
      +0       0       0       0       0       0       0
   390 ;;      Locals:         0       0       0       0       0       0       0       0       0       0       0       0       
      +0       0       0       0       0       0       0       0       0       0       0       0       0       0       0       
      +0       0       0       0       0       0       0
   391 ;;      Temps:          0       0       0       0       0       0       0       0       0       0       0       0       
      +0       0       0       0       0       0       0       0       0       0       0       0       0       0       0       
      +0       0       0       0       0       0       0
   392 ;;      Totals:         0       0       0       0       0       0       0       0       0       0       0       0       
      +0       0       0       0       0       0       0       0       0       0       0       0       0       0       0       
      +0       0       0       0       0       0       0
   393 ;;Total ram usage:        0 bytes
   394 ;; Hardware stack levels used:    1
   395 ;; This function calls:
   396 ;;		Nothing
   397 ;; This function is called by:
   398 ;;		_main
   399 ;; This function uses a non-reentrant model
   400 ;;
   401                           
   402                           	psect	text2
   403  01FEB8                     __ptext2:
   404                           	callstack 0
   405  01FEB8                     _UserAppInitialize:
   406                           	callstack 127
   407  01FEB8                     
   408                           ;user_app.c: 114:     T0CON0 = 0x90;
   409  01FEB8  0E90               	movlw	144
   410  01FEBA  0103               	movlb	3	; () banked
   411  01FEBC  6F1A               	movwf	26,b	;volatile
   412                           
   413                           ;user_app.c: 115:     T0CON1 = 0x54;
   414  01FEBE  0E54               	movlw	84
   415  01FEC0  6F1B               	movwf	27,b	;volatile
   416                           
   417                           ;user_app.c: 116:     LATA = 0X80;
   418  01FEC2  0E80               	movlw	128
   419  01FEC4  6EBE               	movwf	190,c	;volatile
   420  01FEC6                     
   421                           ; BSR set to: 3
   422  01FEC6  0012               	return		;funcret
   423  01FEC8                     __end_of_UserAppInitialize:
   424                           	callstack 0
   425                           
   426 ;; *************** function _TimeXus *****************
   427 ;; Defined at:
   428 ;;		line 89 in file "user_app.c"
   429 ;; Parameters:    Size  Location     Type
   430 ;;  microseconds    2    0[COMRAM] unsigned short 
   431 ;; Auto vars:     Size  Location     Type
   432 ;;  timervalue      2    2[COMRAM] unsigned short 
   433 ;; Return value:  Size  Location     Type
   434 ;;                  1    wreg      void 
   435 ;; Registers used:
   436 ;;		wreg, status,2, status,0
   437 ;; Tracked objects:
   438 ;;		On entry : 0/0
   439 ;;		On exit  : 0/0
   440 ;;		Unchanged: 0/0
   441 ;; Data sizes:     COMRAM   BANK5   BANK6   BANK7   BANK8   BANK9  BANK10  BANK11  BANK12  BANK13  BANK14  BANK15  BANK1
      +6  BANK17  BANK18  BANK19  BANK20  BANK21  BANK22  BANK23  BANK24  BANK25  BANK26  BANK27  BANK28  BANK29  BANK30  BANK3
      +1  BANK32  BANK33  BANK34  BANK35  BANK36  BANK37
   442 ;;      Params:         2       0       0       0       0       0       0       0       0       0       0       0       
      +0       0       0       0       0       0       0       0       0       0       0       0       0       0       0       
      +0       0       0       0       0       0       0
   443 ;;      Locals:         2       0       0       0       0       0       0       0       0       0       0       0       
      +0       0       0       0       0       0       0       0       0       0       0       0       0       0       0       
      +0       0       0       0       0       0       0
   444 ;;      Temps:          0       0       0       0       0       0       0       0       0       0       0       0       
      +0       0       0       0       0       0       0       0       0       0       0       0       0       0       0       
      +0       0       0       0       0       0       0
   445 ;;      Totals:         4       0       0       0       0       0       0       0       0       0       0       0       
      +0       0       0       0       0       0       0       0       0       0       0       0       0       0       0       
      +0       0       0       0       0       0       0
   446 ;;Total ram usage:        4 bytes
   447 ;; Hardware stack levels used:    1
   448 ;; This function calls:
   449 ;;		Nothing
   450 ;; This function is called by:
   451 ;;		_main
   452 ;; This function uses a non-reentrant model
   453 ;;
   454                           
   455                           	psect	text3
   456  01FEEA                     __ptext3:
   457                           	callstack 0
   458  01FEEA                     _TimeXus:
   459                           	callstack 127
   460  01FEEA                     
   461                           ;user_app.c: 89: void TimeXus(u16 microsecondsoffset);user_app.c: 90: {;user_app.c: 93: 
      +                              T0CON0 = T0CON0 & 0x7F;
   462  01FEEA  0103               	movlb	3	; () banked
   463  01FEEC  511A               	movf	26,w,b	;volatile
   464  01FEEE  0B7F               	andlw	127
   465  01FEF0  6F1A               	movwf	26,b	;volatile
   466                           
   467                           ;user_app.c: 94:     u16 timervalue = 0xFFFF-microsecondsoffset;
   468  01FEF2  1C16               	comf	TimeXus@microsecondsoffset^(0+1280),w,c
   469  01FEF4  6E18               	movwf	TimeXus@timervalue^(0+1280),c
   470  01FEF6  1C17               	comf	(TimeXus@microsecondsoffset+1)^(0+1280),w,c
   471  01FEF8  6E19               	movwf	(TimeXus@timervalue+1)^(0+1280),c
   472  01FEFA                     
   473                           ; BSR set to: 3
   474                           ;user_app.c: 97:     TMR0L = (u8)(timervalue & 0x00FF);
   475  01FEFA  0061  F460  F318   	movff	TimeXus@timervalue,792	;volatile
   476  01FF00                     
   477                           ; BSR set to: 3
   478                           ;user_app.c: 98:     TMR0H = (u8)((timervalue >> 8) & 0x00FF);
   479  01FF00  5019               	movf	(TimeXus@timervalue+1)^(0+1280),w,c
   480  01FF02  6F19               	movwf	25,b	;volatile
   481  01FF04                     
   482                           ; BSR set to: 3
   483                           ;user_app.c: 102:     PIR3 = PIR3 & 0X7F;
   484  01FF04  50B1               	movf	177,w,c	;volatile
   485  01FF06  0B7F               	andlw	127
   486  01FF08  6EB1               	movwf	177,c	;volatile
   487  01FF0A                     
   488                           ; BSR set to: 3
   489                           ;user_app.c: 103:     T0CON0 = T0CON0 | 0x80;
   490  01FF0A  511A               	movf	26,w,b	;volatile
   491  01FF0C  0980               	iorlw	128
   492  01FF0E  6F1A               	movwf	26,b	;volatile
   493  01FF10                     
   494                           ; BSR set to: 3
   495  01FF10  0012               	return		;funcret
   496  01FF12                     __end_of_TimeXus:
   497                           	callstack 0
   498                           
   499 ;; *************** function _SystemSleep *****************
   500 ;; Defined at:
   501 ;;		line 137 in file "encm369_pic18.c"
   502 ;; Parameters:    Size  Location     Type
   503 ;;		None
   504 ;; Auto vars:     Size  Location     Type
   505 ;;		None
   506 ;; Return value:  Size  Location     Type
   507 ;;                  1    wreg      void 
   508 ;; Registers used:
   509 ;;		None
   510 ;; Tracked objects:
   511 ;;		On entry : 0/0
   512 ;;		On exit  : 0/0
   513 ;;		Unchanged: 0/0
   514 ;; Data sizes:     COMRAM   BANK5   BANK6   BANK7   BANK8   BANK9  BANK10  BANK11  BANK12  BANK13  BANK14  BANK15  BANK1
      +6  BANK17  BANK18  BANK19  BANK20  BANK21  BANK22  BANK23  BANK24  BANK25  BANK26  BANK27  BANK28  BANK29  BANK30  BANK3
      +1  BANK32  BANK33  BANK34  BANK35  BANK36  BANK37
   515 ;;      Params:         0       0       0       0       0       0       0       0       0       0       0       0       
      +0       0       0       0       0       0       0       0       0       0       0       0       0       0       0       
      +0       0       0       0       0       0       0
   516 ;;      Locals:         0       0       0       0       0       0       0       0       0       0       0       0       
      +0       0       0       0       0       0       0       0       0       0       0       0       0       0       0       
      +0       0       0       0       0       0       0
   517 ;;      Temps:          0       0       0       0       0       0       0       0       0       0       0       0       
      +0       0       0       0       0       0       0       0       0       0       0       0       0       0       0       
      +0       0       0       0       0       0       0
   518 ;;      Totals:         0       0       0       0       0       0       0       0       0       0       0       0       
      +0       0       0       0       0       0       0       0       0       0       0       0       0       0       0       
      +0       0       0       0       0       0       0
   519 ;;Total ram usage:        0 bytes
   520 ;; Hardware stack levels used:    1
   521 ;; This function calls:
   522 ;;		Nothing
   523 ;; This function is called by:
   524 ;;		_main
   525 ;; This function uses a non-reentrant model
   526 ;;
   527                           
   528                           	psect	text4
   529  01FEA0                     __ptext4:
   530                           	callstack 0
   531  01FEA0                     _SystemSleep:
   532                           	callstack 127
   533  01FEA0  0012               	return		;funcret
   534  01FEA2                     __end_of_SystemSleep:
   535                           	callstack 0
   536                           
   537 ;; *************** function _SysTickSetup *****************
   538 ;; Defined at:
   539 ;;		line 115 in file "encm369_pic18.c"
   540 ;; Parameters:    Size  Location     Type
   541 ;;		None
   542 ;; Auto vars:     Size  Location     Type
   543 ;;		None
   544 ;; Return value:  Size  Location     Type
   545 ;;                  1    wreg      void 
   546 ;; Registers used:
   547 ;;		wreg, status,2
   548 ;; Tracked objects:
   549 ;;		On entry : 0/0
   550 ;;		On exit  : 0/0
   551 ;;		Unchanged: 0/0
   552 ;; Data sizes:     COMRAM   BANK5   BANK6   BANK7   BANK8   BANK9  BANK10  BANK11  BANK12  BANK13  BANK14  BANK15  BANK1
      +6  BANK17  BANK18  BANK19  BANK20  BANK21  BANK22  BANK23  BANK24  BANK25  BANK26  BANK27  BANK28  BANK29  BANK30  BANK3
      +1  BANK32  BANK33  BANK34  BANK35  BANK36  BANK37
   553 ;;      Params:         0       0       0       0       0       0       0       0       0       0       0       0       
      +0       0       0       0       0       0       0       0       0       0       0       0       0       0       0       
      +0       0       0       0       0       0       0
   554 ;;      Locals:         0       0       0       0       0       0       0       0       0       0       0       0       
      +0       0       0       0       0       0       0       0       0       0       0       0       0       0       0       
      +0       0       0       0       0       0       0
   555 ;;      Temps:          0       0       0       0       0       0       0       0       0       0       0       0       
      +0       0       0       0       0       0       0       0       0       0       0       0       0       0       0       
      +0       0       0       0       0       0       0
   556 ;;      Totals:         0       0       0       0       0       0       0       0       0       0       0       0       
      +0       0       0       0       0       0       0       0       0       0       0       0       0       0       0       
      +0       0       0       0       0       0       0
   557 ;;Total ram usage:        0 bytes
   558 ;; Hardware stack levels used:    1
   559 ;; This function calls:
   560 ;;		Nothing
   561 ;; This function is called by:
   562 ;;		_main
   563 ;; This function uses a non-reentrant model
   564 ;;
   565                           
   566                           	psect	text5
   567  01FEC8                     __ptext5:
   568                           	callstack 0
   569  01FEC8                     _SysTickSetup:
   570                           	callstack 127
   571  01FEC8                     
   572                           ;encm369_pic18.c: 117:   G_u32SystemTime1ms = 0;
   573  01FEC8  0E00               	movlw	0
   574  01FECA  6E09               	movwf	_G_u32SystemTime1ms^(0+1280),c	;volatile
   575  01FECC  0E00               	movlw	0
   576  01FECE  6E0A               	movwf	(_G_u32SystemTime1ms+1)^(0+1280),c	;volatile
   577  01FED0  0E00               	movlw	0
   578  01FED2  6E0B               	movwf	(_G_u32SystemTime1ms+2)^(0+1280),c	;volatile
   579  01FED4  0E00               	movlw	0
   580  01FED6  6E0C               	movwf	(_G_u32SystemTime1ms+3)^(0+1280),c	;volatile
   581                           
   582                           ;encm369_pic18.c: 118:   G_u32SystemTime1s = 0;
   583  01FED8  0E00               	movlw	0
   584  01FEDA  6E05               	movwf	_G_u32SystemTime1s^(0+1280),c	;volatile
   585  01FEDC  0E00               	movlw	0
   586  01FEDE  6E06               	movwf	(_G_u32SystemTime1s+1)^(0+1280),c	;volatile
   587  01FEE0  0E00               	movlw	0
   588  01FEE2  6E07               	movwf	(_G_u32SystemTime1s+2)^(0+1280),c	;volatile
   589  01FEE4  0E00               	movlw	0
   590  01FEE6  6E08               	movwf	(_G_u32SystemTime1s+3)^(0+1280),c	;volatile
   591  01FEE8  0012               	return		;funcret
   592  01FEEA                     __end_of_SysTickSetup:
   593                           	callstack 0
   594                           
   595 ;; *************** function _GpioSetup *****************
   596 ;; Defined at:
   597 ;;		line 89 in file "encm369_pic18.c"
   598 ;; Parameters:    Size  Location     Type
   599 ;;		None
   600 ;; Auto vars:     Size  Location     Type
   601 ;;		None
   602 ;; Return value:  Size  Location     Type
   603 ;;                  1    wreg      void 
   604 ;; Registers used:
   605 ;;		wreg, status,2
   606 ;; Tracked objects:
   607 ;;		On entry : 0/0
   608 ;;		On exit  : 0/0
   609 ;;		Unchanged: 0/0
   610 ;; Data sizes:     COMRAM   BANK5   BANK6   BANK7   BANK8   BANK9  BANK10  BANK11  BANK12  BANK13  BANK14  BANK15  BANK1
      +6  BANK17  BANK18  BANK19  BANK20  BANK21  BANK22  BANK23  BANK24  BANK25  BANK26  BANK27  BANK28  BANK29  BANK30  BANK3
      +1  BANK32  BANK33  BANK34  BANK35  BANK36  BANK37
   611 ;;      Params:         0       0       0       0       0       0       0       0       0       0       0       0       
      +0       0       0       0       0       0       0       0       0       0       0       0       0       0       0       
      +0       0       0       0       0       0       0
   612 ;;      Locals:         0       0       0       0       0       0       0       0       0       0       0       0       
      +0       0       0       0       0       0       0       0       0       0       0       0       0       0       0       
      +0       0       0       0       0       0       0
   613 ;;      Temps:          0       0       0       0       0       0       0       0       0       0       0       0       
      +0       0       0       0       0       0       0       0       0       0       0       0       0       0       0       
      +0       0       0       0       0       0       0
   614 ;;      Totals:         0       0       0       0       0       0       0       0       0       0       0       0       
      +0       0       0       0       0       0       0       0       0       0       0       0       0       0       0       
      +0       0       0       0       0       0       0
   615 ;;Total ram usage:        0 bytes
   616 ;; Hardware stack levels used:    1
   617 ;; This function calls:
   618 ;;		Nothing
   619 ;; This function is called by:
   620 ;;		_main
   621 ;; This function uses a non-reentrant model
   622 ;;
   623                           
   624                           	psect	text6
   625  01FEA8                     __ptext6:
   626                           	callstack 0
   627  01FEA8                     _GpioSetup:
   628                           	callstack 127
   629  01FEA8                     
   630                           ;encm369_pic18.c: 91:     PORTA =0X00;
   631  01FEA8  0E00               	movlw	0
   632  01FEAA  6ECE               	movwf	206,c	;volatile
   633                           
   634                           ;encm369_pic18.c: 92:     TRISA = 0X00;
   635  01FEAC  0E00               	movlw	0
   636  01FEAE  6EC6               	movwf	198,c	;volatile
   637                           
   638                           ;encm369_pic18.c: 93:     ANSELA = 0X00;
   639  01FEB0  0E00               	movlw	0
   640  01FEB2  0104               	movlb	4	; () banked
   641  01FEB4  6F00               	movwf	0,b	;volatile
   642  01FEB6                     
   643                           ; BSR set to: 4
   644  01FEB6  0012               	return		;funcret
   645  01FEB8                     __end_of_GpioSetup:
   646                           	callstack 0
   647                           
   648 ;; *************** function _ClockSetup *****************
   649 ;; Defined at:
   650 ;;		line 70 in file "encm369_pic18.c"
   651 ;; Parameters:    Size  Location     Type
   652 ;;		None
   653 ;; Auto vars:     Size  Location     Type
   654 ;;		None
   655 ;; Return value:  Size  Location     Type
   656 ;;                  1    wreg      void 
   657 ;; Registers used:
   658 ;;		None
   659 ;; Tracked objects:
   660 ;;		On entry : 0/0
   661 ;;		On exit  : 0/0
   662 ;;		Unchanged: 0/0
   663 ;; Data sizes:     COMRAM   BANK5   BANK6   BANK7   BANK8   BANK9  BANK10  BANK11  BANK12  BANK13  BANK14  BANK15  BANK1
      +6  BANK17  BANK18  BANK19  BANK20  BANK21  BANK22  BANK23  BANK24  BANK25  BANK26  BANK27  BANK28  BANK29  BANK30  BANK3
      +1  BANK32  BANK33  BANK34  BANK35  BANK36  BANK37
   664 ;;      Params:         0       0       0       0       0       0       0       0       0       0       0       0       
      +0       0       0       0       0       0       0       0       0       0       0       0       0       0       0       
      +0       0       0       0       0       0       0
   665 ;;      Locals:         0       0       0       0       0       0       0       0       0       0       0       0       
      +0       0       0       0       0       0       0       0       0       0       0       0       0       0       0       
      +0       0       0       0       0       0       0
   666 ;;      Temps:          0       0       0       0       0       0       0       0       0       0       0       0       
      +0       0       0       0       0       0       0       0       0       0       0       0       0       0       0       
      +0       0       0       0       0       0       0
   667 ;;      Totals:         0       0       0       0       0       0       0       0       0       0       0       0       
      +0       0       0       0       0       0       0       0       0       0       0       0       0       0       0       
      +0       0       0       0       0       0       0
   668 ;;Total ram usage:        0 bytes
   669 ;; Hardware stack levels used:    1
   670 ;; This function calls:
   671 ;;		Nothing
   672 ;; This function is called by:
   673 ;;		_main
   674 ;; This function uses a non-reentrant model
   675 ;;
   676                           
   677                           	psect	text7
   678  01FE9E                     __ptext7:
   679                           	callstack 0
   680  01FE9E                     _ClockSetup:
   681                           	callstack 127
   682  01FE9E  0012               	return		;funcret
   683  01FEA0                     __end_of_ClockSetup:
   684                           	callstack 0
   685  0000                     
   686                           	psect	rparam
   687  0000                     
   688                           	psect	idloc
   689                           
   690                           ;Config register IDLOC0 @ 0x200000
   691                           ;	unspecified, using default values
   692  200000                     	org	2097152
   693  200000  0FFF               	dw	4095
   694                           
   695                           ;Config register IDLOC1 @ 0x200002
   696                           ;	unspecified, using default values
   697  200002                     	org	2097154
   698  200002  0FFF               	dw	4095
   699                           
   700                           ;Config register IDLOC2 @ 0x200004
   701                           ;	unspecified, using default values
   702  200004                     	org	2097156
   703  200004  0FFF               	dw	4095
   704                           
   705                           ;Config register IDLOC3 @ 0x200006
   706                           ;	unspecified, using default values
   707  200006                     	org	2097158
   708  200006  0FFF               	dw	4095
   709                           
   710                           ;Config register IDLOC4 @ 0x200008
   711                           ;	unspecified, using default values
   712  200008                     	org	2097160
   713  200008  0FFF               	dw	4095
   714                           
   715                           ;Config register IDLOC5 @ 0x20000A
   716                           ;	unspecified, using default values
   717  20000A                     	org	2097162
   718  20000A  0FFF               	dw	4095
   719                           
   720                           ;Config register IDLOC6 @ 0x20000C
   721                           ;	unspecified, using default values
   722  20000C                     	org	2097164
   723  20000C  0FFF               	dw	4095
   724                           
   725                           ;Config register IDLOC7 @ 0x20000E
   726                           ;	unspecified, using default values
   727  20000E                     	org	2097166
   728  20000E  0FFF               	dw	4095
   729                           
   730                           ;Config register IDLOC8 @ 0x200010
   731                           ;	unspecified, using default values
   732  200010                     	org	2097168
   733  200010  0FFF               	dw	4095
   734                           
   735                           ;Config register IDLOC9 @ 0x200012
   736                           ;	unspecified, using default values
   737  200012                     	org	2097170
   738  200012  0FFF               	dw	4095
   739                           
   740                           ;Config register IDLOC10 @ 0x200014
   741                           ;	unspecified, using default values
   742  200014                     	org	2097172
   743  200014  0FFF               	dw	4095
   744                           
   745                           ;Config register IDLOC11 @ 0x200016
   746                           ;	unspecified, using default values
   747  200016                     	org	2097174
   748  200016  0FFF               	dw	4095
   749                           
   750                           ;Config register IDLOC12 @ 0x200018
   751                           ;	unspecified, using default values
   752  200018                     	org	2097176
   753  200018  0FFF               	dw	4095
   754                           
   755                           ;Config register IDLOC13 @ 0x20001A
   756                           ;	unspecified, using default values
   757  20001A                     	org	2097178
   758  20001A  0FFF               	dw	4095
   759                           
   760                           ;Config register IDLOC14 @ 0x20001C
   761                           ;	unspecified, using default values
   762  20001C                     	org	2097180
   763  20001C  0FFF               	dw	4095
   764                           
   765                           ;Config register IDLOC15 @ 0x20001E
   766                           ;	unspecified, using default values
   767  20001E                     	org	2097182
   768  20001E  0FFF               	dw	4095
   769                           
   770                           	psect	config
   771                           
   772                           ;Config register CONFIG1 @ 0x300000
   773                           ;	External Oscillator Selection
   774                           ;	FEXTOSC = OFF, Oscillator not enabled
   775                           ;	Reset Oscillator Selection
   776                           ;	RSTOSC = HFINTOSC_64MHZ, HFINTOSC with HFFRQ = 64 MHz and CDIV = 1:1
   777  300000                     	org	3145728
   778  300000  8C                 	db	140
   779                           
   780                           ;Config register CONFIG2 @ 0x300001
   781                           ;	Clock out Enable bit
   782                           ;	CLKOUTEN = ON, CLKOUT function is enabled
   783                           ;	PRLOCKED One-Way Set Enable bit
   784                           ;	PR1WAY = ON, PRLOCKED bit can be cleared and set only once
   785                           ;	Clock Switch Enable bit
   786                           ;	CSWEN = ON, Writing to NOSC and NDIV is allowed
   787                           ;	Fail-Safe Clock Monitor Enable bit
   788                           ;	FCMEN = ON, Fail-Safe Clock Monitor enabled
   789  300001                     	org	3145729
   790  300001  FE                 	db	254
   791                           
   792                           ;Config register CONFIG3 @ 0x300002
   793                           ;	MCLR Enable bit
   794                           ;	MCLRE = EXTMCLR, If LVP = 0, MCLR pin is MCLR; If LVP = 1, RE3 pin function is MCLR
   795                           ;	Power-up timer selection bits
   796                           ;	PWRTS = PWRT_OFF, PWRT is disabled
   797                           ;	Multi-vector enable bit
   798                           ;	MVECEN = ON, Multi-vector enabled, Vector table used for interrupts
   799                           ;	IVTLOCK bit One-way set enable bit
   800                           ;	IVT1WAY = ON, IVTLOCKED bit can be cleared and set only once
   801                           ;	Low Power BOR Enable bit
   802                           ;	LPBOREN = OFF, Low-Power BOR disabled
   803                           ;	Brown-out Reset Enable bits
   804                           ;	BOREN = SBORDIS, Brown-out Reset enabled , SBOREN bit is ignored
   805  300002                     	org	3145730
   806  300002  FF                 	db	255
   807                           
   808                           ;Config register CONFIG4 @ 0x300003
   809                           ;	Brown-out Reset Voltage Selection bits
   810                           ;	BORV = VBOR_2P85, Brown-out Reset Voltage (VBOR) set to 2.8V
   811                           ;	ZCD Disable bit
   812                           ;	ZCD = OFF, ZCD module is disabled. ZCD can be enabled by setting the ZCDSEN bit of ZCD
      +                          CON
   813                           ;	PPSLOCK bit One-Way Set Enable bit
   814                           ;	PPS1WAY = ON, PPSLOCKED bit can be cleared and set only once; PPS registers remain loc
      +                          ked after one clear/set cycle
   815                           ;	Stack Full/Underflow Reset Enable bit
   816                           ;	STVREN = ON, Stack full/underflow will cause Reset
   817                           ;	Low Voltage Programming Enable bit
   818                           ;	LVP = ON, Low voltage programming enabled. MCLR/VPP pin function is MCLR. MCLRE config
      +                          uration bit is ignored
   819                           ;	Extended Instruction Set Enable bit
   820                           ;	XINST = OFF, Extended Instruction Set and Indexed Addressing Mode disabled
   821  300003                     	org	3145731
   822  300003  FC                 	db	252
   823                           
   824                           ;Config register CONFIG5 @ 0x300004
   825                           ;	WDT Period selection bits
   826                           ;	WDTCPS = WDTCPS_31, Divider ratio 1:65536; software control of WDTPS
   827                           ;	WDT operating mode
   828                           ;	WDTE = OFF, WDT Disabled; SWDTEN is ignored
   829  300004                     	org	3145732
   830  300004  9F                 	db	159
   831                           
   832                           ;Config register CONFIG6 @ 0x300005
   833                           ;	WDT Window Select bits
   834                           ;	WDTCWS = WDTCWS_7, window always open (100%); software control; keyed access not requi
      +                          red
   835                           ;	WDT input clock selector
   836                           ;	WDTCCS = SC, Software Control
   837  300005                     	org	3145733
   838  300005  FF                 	db	255
   839                           
   840                           ;Config register CONFIG7 @ 0x300006
   841                           ;	Boot Block Size selection bits
   842                           ;	BBSIZE = BBSIZE_512, Boot Block size is 512 words
   843                           ;	Boot Block enable bit
   844                           ;	BBEN = OFF, Boot block disabled
   845                           ;	Storage Area Flash enable bit
   846                           ;	SAFEN = OFF, SAF disabled
   847                           ;	Background Debugger
   848                           ;	DEBUG = OFF, Background Debugger disabled
   849  300006                     	org	3145734
   850  300006  FF                 	db	255
   851                           
   852                           ;Config register CONFIG8 @ 0x300007
   853                           ;	Boot Block Write Protection bit
   854                           ;	WRTB = OFF, Boot Block not Write protected
   855                           ;	Configuration Register Write Protection bit
   856                           ;	WRTC = OFF, Configuration registers not Write protected
   857                           ;	Data EEPROM Write Protection bit
   858                           ;	WRTD = OFF, Data EEPROM not Write protected
   859                           ;	SAF Write protection bit
   860                           ;	WRTSAF = OFF, SAF not Write Protected
   861                           ;	Application Block write protection bit
   862                           ;	WRTAPP = OFF, Application Block not write protected
   863  300007                     	org	3145735
   864  300007  FF                 	db	255
   865                           
   866                           ; Padding undefined space
   867  300008                     	org	3145736
   868  300008  FF                 	db	255
   869                           
   870                           ;Config register CONFIG10 @ 0x300009
   871                           ;	PFM and Data EEPROM Code Protection bit
   872                           ;	CP = OFF, PFM and Data EEPROM code protection disabled
   873  300009                     	org	3145737
   874  300009  FF                 	db	255
   875                           tosu	equ	0x4FF
   876                           tosh	equ	0x4FE
   877                           tosl	equ	0x4FD
   878                           stkptr	equ	0x4FC
   879                           pclatu	equ	0x4FB
   880                           pclath	equ	0x4FA
   881                           pcl	equ	0x4F9
   882                           tblptru	equ	0x4F8
   883                           tblptrh	equ	0x4F7
   884                           tblptrl	equ	0x4F6
   885                           tablat	equ	0x4F5
   886                           prodh	equ	0x4F4
   887                           prodl	equ	0x4F3
   888                           indf0	equ	0x4EF
   889                           postinc0	equ	0x4EE
   890                           postdec0	equ	0x4ED
   891                           preinc0	equ	0x4EC
   892                           plusw0	equ	0x4EB
   893                           fsr0h	equ	0x4EA
   894                           fsr0l	equ	0x4E9
   895                           wreg	equ	0x4E8
   896                           indf1	equ	0x4E7
   897                           postinc1	equ	0x4E6
   898                           postdec1	equ	0x4E5
   899                           preinc1	equ	0x4E4
   900                           plusw1	equ	0x4E3
   901                           fsr1h	equ	0x4E2
   902                           fsr1l	equ	0x4E1
   903                           bsr	equ	0x4E0
   904                           indf2	equ	0x4DF
   905                           postinc2	equ	0x4DE
   906                           postdec2	equ	0x4DD
   907                           preinc2	equ	0x4DC
   908                           plusw2	equ	0x4DB
   909                           fsr2h	equ	0x4DA
   910                           fsr2l	equ	0x4D9
   911                           status	equ	0x4D8

Data Sizes:
    Strings     0
    Constant    0
    Data        6
    BSS         15
    Persistent  2
    Stack       0

Auto Spaces:
    Space          Size  Autos    Used
    COMRAM           95      6      29
    BANK5           160      0       0
    BANK6           256      0       0
    BANK7           256      0       0
    BANK8           256      0       0
    BANK9           256      0       0
    BANK10          256      0       0
    BANK11          256      0       0
    BANK12          256      0       0
    BANK13          256      0       0
    BANK14          256      0       0
    BANK15          256      0       0
    BANK16          256      0       0
    BANK17          256      0       0
    BANK18          256      0       0
    BANK19          256      0       0
    BANK20          256      0       0
    BANK21          256      0       0
    BANK22          256      0       0
    BANK23          256      0       0
    BANK24          256      0       0
    BANK25          256      0       0
    BANK26          256      0       0
    BANK27          256      0       0
    BANK28          256      0       0
    BANK29          256      0       0
    BANK30          256      0       0
    BANK31          256      0       0
    BANK32          256      0       0
    BANK33          256      0       0
    BANK34          256      0       0
    BANK35          256      0       0
    BANK36          256      0       0
    BANK37          256      0       0

Pointer List with Targets:

    None.

Critical Paths under _main in COMRAM

    _main->_UserAppRun

Critical Paths under _main in BANK5

    None.

Critical Paths under _main in BANK6

    None.

Critical Paths under _main in BANK7

    None.

Critical Paths under _main in BANK8

    None.

Critical Paths under _main in BANK9

    None.

Critical Paths under _main in BANK10

    None.

Critical Paths under _main in BANK11

    None.

Critical Paths under _main in BANK12

    None.

Critical Paths under _main in BANK13

    None.

Critical Paths under _main in BANK14

    None.

Critical Paths under _main in BANK15

    None.

Critical Paths under _main in BANK16

    None.

Critical Paths under _main in BANK17

    None.

Critical Paths under _main in BANK18

    None.

Critical Paths under _main in BANK19

    None.

Critical Paths under _main in BANK20

    None.

Critical Paths under _main in BANK21

    None.

Critical Paths under _main in BANK22

    None.

Critical Paths under _main in BANK23

    None.

Critical Paths under _main in BANK24

    None.

Critical Paths under _main in BANK25

    None.

Critical Paths under _main in BANK26

    None.

Critical Paths under _main in BANK27

    None.

Critical Paths under _main in BANK28

    None.

Critical Paths under _main in BANK29

    None.

Critical Paths under _main in BANK30

    None.

Critical Paths under _main in BANK31

    None.

Critical Paths under _main in BANK32

    None.

Critical Paths under _main in BANK33

    None.

Critical Paths under _main in BANK34

    None.

Critical Paths under _main in BANK35

    None.

Critical Paths under _main in BANK36

    None.

Critical Paths under _main in BANK37

    None.

Call Graph Tables:

 ---------------------------------------------------------------------------------
 (Depth) Function   	        Calls       Base Space   Used Autos Params    Refs
 ---------------------------------------------------------------------------------
 (0) _main                                                 0     0      0     158
                         _ClockSetup
                          _GpioSetup
                       _SysTickSetup
                        _SystemSleep
                            _TimeXus
                  _UserAppInitialize
                         _UserAppRun
 ---------------------------------------------------------------------------------
 (1) _UserAppRun                                           6     6      0      15
                                              0 COMRAM     6     6      0
 ---------------------------------------------------------------------------------
 (1) _UserAppInitialize                                    0     0      0       0
 ---------------------------------------------------------------------------------
 (1) _TimeXus                                              4     2      2     143
                                              0 COMRAM     4     2      2
 ---------------------------------------------------------------------------------
 (1) _SystemSleep                                          0     0      0       0
 ---------------------------------------------------------------------------------
 (1) _SysTickSetup                                         0     0      0       0
 ---------------------------------------------------------------------------------
 (1) _GpioSetup                                            0     0      0       0
 ---------------------------------------------------------------------------------
 (1) _ClockSetup                                           0     0      0       0
 ---------------------------------------------------------------------------------
 Estimated maximum stack depth 1
 ---------------------------------------------------------------------------------

 Call Graph Graphs:

 _main (ROOT)
   _ClockSetup
   _GpioSetup
   _SysTickSetup
   _SystemSleep
   _TimeXus
   _UserAppInitialize
   _UserAppRun

 Address spaces:
Name               Size   Autos  Total    Cost      Usage
BIGRAM            20FF      0       0      71        0.0%
EEDATA             400      0       0       0        0.0%
BITBANK37          100      0       0      70        0.0%
BANK37             100      0       0      68        0.0%
BITBANK36          100      0       0      66        0.0%
BANK36             100      0       0      67        0.0%
BITBANK35          100      0       0      64        0.0%
BANK35             100      0       0      65        0.0%
BITBANK34          100      0       0      62        0.0%
BANK34             100      0       0      63        0.0%
BITBANK33          100      0       0      60        0.0%
BANK33             100      0       0      61        0.0%
BITBANK32          100      0       0      58        0.0%
BANK32             100      0       0      59        0.0%
BITBANK31          100      0       0      56        0.0%
BANK31             100      0       0      57        0.0%
BITBANK30          100      0       0      54        0.0%
BANK30             100      0       0      55        0.0%
BITBANK29          100      0       0      52        0.0%
BANK29             100      0       0      53        0.0%
BITBANK28          100      0       0      50        0.0%
BANK28             100      0       0      51        0.0%
BITBANK27          100      0       0      48        0.0%
BANK27             100      0       0      49        0.0%
BITBANK26          100      0       0      46        0.0%
BANK26             100      0       0      47        0.0%
BITBANK25          100      0       0      44        0.0%
BANK25             100      0       0      45        0.0%
BITBANK24          100      0       0      42        0.0%
BANK24             100      0       0      43        0.0%
BITBANK23          100      0       0      40        0.0%
BANK23             100      0       0      41        0.0%
BITBANK22          100      0       0      38        0.0%
BANK22             100      0       0      39        0.0%
BITBANK21          100      0       0      36        0.0%
BANK21             100      0       0      37        0.0%
BITBANK20          100      0       0      34        0.0%
BANK20             100      0       0      35        0.0%
BITBANK19          100      0       0      32        0.0%
BANK19             100      0       0      33        0.0%
BITBANK18          100      0       0      30        0.0%
BANK18             100      0       0      31        0.0%
BITBANK17          100      0       0      28        0.0%
BANK17             100      0       0      29        0.0%
BITBANK16          100      0       0      26        0.0%
BANK16             100      0       0      27        0.0%
BITBANK15          100      0       0      24        0.0%
BANK15             100      0       0      25        0.0%
BITBANK14          100      0       0      22        0.0%
BANK14             100      0       0      23        0.0%
BITBANK13          100      0       0      20        0.0%
BANK13             100      0       0      21        0.0%
BITBANK12          100      0       0      18        0.0%
BANK12             100      0       0      19        0.0%
BITBANK11          100      0       0      16        0.0%
BANK11             100      0       0      17        0.0%
BITBANK10          100      0       0      14        0.0%
BANK10             100      0       0      15        0.0%
BITBANK9           100      0       0      12        0.0%
BANK9              100      0       0      13        0.0%
BITBANK8           100      0       0      10        0.0%
BANK8              100      0       0      11        0.0%
BITBANK7           100      0       0       8        0.0%
BANK7              100      0       0       9        0.0%
BITBANK6           100      0       0       6        0.0%
BANK6              100      0       0       7        0.0%
BITBANK5            A0      0       0       4        0.0%
BANK5               A0      0       0       5        0.0%
BITCOMRAM           5F      0       0       0        0.0%
COMRAM              5F      6      1D       1       30.5%
BITSFR_5             0      0       0     200        0.0%
SFR_5                0      0       0     200        0.0%
BITSFR_4             0      0       0     200        0.0%
SFR_4                0      0       0     200        0.0%
BITSFR_3             0      0       0     200        0.0%
SFR_3                0      0       0     200        0.0%
BITSFR_2             0      0       0     200        0.0%
SFR_2                0      0       0     200        0.0%
BITSFR_1             0      0       0     200        0.0%
SFR_1                0      0       0     200        0.0%
BITSFR               0      0       0     200        0.0%
SFR                  0      0       0     200        0.0%
STACK                0      0       0       2        0.0%
NULL                 0      0       0       0        0.0%
ABS                  0      0      1D      69        0.0%
DATA                 0      0      1D       3        0.0%
CODE                 0      0       0       0        0.0%


Microchip Technology PIC18 Macro Assembler V2.31 build 20201012212115 
Symbol Table                                                                                   Thu Mar  4 15:35:17 2021

     __size_of_SysTickSetup 0022                          l13 FE9E                          l22 FEA0  
                        l16 FEB6                          l50 FF6A                          l19 FEE8  
                        l72 FF10                          l75 FEC6                          l86 FFFA  
                        u11 FF96                          u20 FFB4                          u21 FFB0  
                        u30 FFF2                          u31 FFEE                          u50 FF78  
                        u51 FF74                         l810 FEC8                         l820 FF0A  
                       l812 FEEA                         l814 FEFA                         l830 FF52  
                       l822 FF44                         l816 FF00                         l832 FF56  
                       l824 FF46                         l762 FEA8                         l818 FF04  
                       l770 FF8C                         l834 FF5A                         l826 FF4A  
                       l780 FFDE                         l772 FF9E                         l836 FF5E  
                       l828 FF4E                         l766 FEB8                         l782 FFF2  
                       l774 FFB4                         l776 FFC0                         l768 FF80  
                       l778 FFD2                         wreg 0004E8                        _LATA 0004BE  
                      _PIR3 0004B1                        _main FF44                _SysTickSetup FEC8  
                      indf2 0004DF                        fsr1l 0004E1                        fsr2l 0004D9  
                      start FFFC        __size_of_SystemSleep 0002                ___param_bank 000000  
                _ClockSetup FE9E             __end_of_TimeXus FF12                       ?_main 0516  
                     _TMR0H 000319                       _TMR0L 000318                       _PORTA 0004CE  
                     _TRISA 0004C6                       tablat 0004F5                       plusw1 0004E3  
                     plusw2 0004DB                       status 0004D8             __initialization FF12  
              __end_of_main FF80                      ??_main 051C               __activetblptr 000000  
                    _ANSELA 000400                      _T0CON0 00031A                      _T0CON1 00031B  
        __size_of_GpioSetup 0010                   ??_TimeXus 0518                 ?_ClockSetup 0516  
                    clear_0 FF38                __pdataCOMRAM 0510                      tblptrh 0004F7  
                    tblptrl 0004F6                      tblptru 0004F8                  _UserAppRun FF80  
                __accesstop 0560     __end_of__initialization FF3E               ___rparam_used 000001  
          _G_u8UserAppFlags 050F              __pcstackCOMRAM 0516           __end_of_GpioSetup FEB8  
       __size_of_ClockSetup 0002                  __pnvCOMRAM 051C                 ?_UserAppRun 0516  
             ??_SystemSleep 0516                     __Hparam 0000                     __Lparam 0000  
                   _TimeXus FEEA                     __pcinit FF12                     __ramtop 2600  
                   __ptext0 FF44                     __ptext1 FF80                     __ptext2 FEB8  
                   __ptext3 FEEA                     __ptext4 FEA0                     __ptext5 FEC8  
                   __ptext6 FEA8                     __ptext7 FE9E             UserAppRun@index 050D  
      end_of_initialization FF3E            _G_u32SystemFlags 0501                     postdec1 0004E5  
                   postinc0 0004EE         __end_of_SystemSleep FEA2                ??_ClockSetup 0516  
       __size_of_UserAppRun 007C          __end_of_ClockSetup FEA0               __pidataCOMRAM FEA2  
      UserAppRun@u16counter 051C                   _GpioSetup FEA8         start_initialization FF12  
             ?_SysTickSetup 0516                 _SystemSleep FEA0                  ?_GpioSetup 0516  
               __pbssCOMRAM 0501           _UserAppInitialize FEB8                ??_UserAppRun 0516  
      UserAppRun@au8Pattern 0516          ?_UserAppInitialize 0516              ??_SysTickSetup 0516  
       ??_UserAppInitialize 0516                    ?_TimeXus 0516          __end_of_UserAppRun FFFC  
 __end_of_UserAppInitialize FEC8                 ??_GpioSetup 0516                   copy_data0 FF26  
                  __Hrparam 0000                    __Lrparam 0000            __size_of_TimeXus 0028  
          UserAppRun@F15927 0510        __end_of_SysTickSetup FEEA  __size_of_UserAppInitialize 0010  
 TimeXus@microsecondsoffset 0516               __size_of_main 003C           TimeXus@timervalue 0518  
              ?_SystemSleep 0516          _G_u32SystemTime1ms 0509           _G_u32SystemTime1s 0505  
