

Microchip MPLAB XC8 Assembler V2.31 build 20201012212115 
                                                                                               Sun Feb  7 14:17:54 2021

Microchip MPLAB XC8 C Compiler v2.31 (Free license) build 20201012212115 Og1 
     1                           	processor	18F27Q43
     2                           	fnconf	rparam,??,?,0
     3                           	pagewidth 120
     4                           	opt	flic
     5                           	psect	cinit,global,reloc=2,class=CODE,delta=1
     6                           	psect	bssCOMRAM,global,class=COMRAM,space=1,delta=1,lowdata,noexec
     7                           	psect	cstackCOMRAM,global,class=COMRAM,space=1,delta=1,lowdata,noexec
     8                           	psect	text0,global,reloc=2,class=CODE,delta=1
     9                           	psect	text1,global,reloc=2,class=CODE,delta=1
    10                           	psect	text2,global,reloc=2,class=CODE,delta=1
    11                           	psect	text3,global,reloc=2,class=CODE,delta=1
    12                           	psect	text4,global,reloc=2,class=CODE,delta=1
    13                           	psect	text5,global,reloc=2,class=CODE,delta=1
    14                           	psect	text6,global,reloc=2,class=CODE,delta=1
    15                           	psect	intsave_regs,global,class=BIGRAM,space=1,delta=1,noexec
    16                           	psect	rparam,global,class=COMRAM,space=1,delta=1,noexec
    17                           	psect	idloc,global,abs,ovrld,class=IDLOC,space=5,delta=1,noexec
    18                           	psect	config,global,abs,ovrld,class=CONFIG,space=4,delta=1,noexec
    19  0000                     
    20                           ; Version 2.30
    21                           ; Generated 20/08/2020 GMT
    22                           ; 
    23                           ; Copyright © 2020, Microchip Technology Inc. and its subsidiaries ("Microchip")
    24                           ; All rights reserved.
    25                           ; 
    26                           ; This software is developed by Microchip Technology Inc. and its subsidiaries ("Microch
      +                          ip").
    27                           ; 
    28                           ; Redistribution and use in source and binary forms, with or without modification, are
    29                           ; permitted provided that the following conditions are met:
    30                           ; 
    31                           ;     1. Redistributions of source code must retain the above copyright notice, this lis
      +                          t of
    32                           ;        conditions and the following disclaimer.
    33                           ; 
    34                           ;     2. Redistributions in binary form must reproduce the above copyright notice, this 
      +                          list
    35                           ;        of conditions and the following disclaimer in the documentation and/or other
    36                           ;        materials provided with the distribution. Publication is not required when
    37                           ;        this file is used in an embedded application.
    38                           ; 
    39                           ;     3. Microchip's name may not be used to endorse or promote products derived from th
      +                          is
    40                           ;        software without specific prior written permission.
    41                           ; 
    42                           ; THIS SOFTWARE IS PROVIDED BY MICROCHIP "AS IS" AND ANY EXPRESS OR IMPLIED WARRANTIES,
    43                           ; INCLUDING, BUT NOT LIMITED TO, THE IMPLIED WARRANTIES OF MERCHANTABILITY AND FITNESS F
      +                          OR
    44                           ; PURPOSE ARE DISCLAIMED.  IN NO EVENT SHALL MICROCHIP BE LIABLE FOR ANY DIRECT, INDIREC
      +                          T,
    45                           ; INCIDENTAL, SPECIAL, EXEMPLARY, OR CONSEQUENTIAL DAMAGES (INCLUDING BUT NOT LIMITED TO
    46                           ; PROCUREMENT OF SUBSTITUTE GOODS OR SERVICES; LOSS OF USE, DATA OR PROFITS; OR BUSINESS
    47                           ; INTERRUPTION) HOWSOEVER CAUSED AND ON ANY THEORY OF LIABILITY, WHETHER IN CONTRACT, ST
      +                          RICT
    48                           ; LIABILITY, OR TORT (INCLUDING NEGLIGENCE OR OTHERWISE) ARISING IN ANY WAY OUT OF THE U
      +                          SE OF
    49                           ; THIS SOFTWARE, EVEN IF ADVISED OF THE POSSIBILITY OF SUCH DAMAGE.
    50                           ; 
    51                           ; 
    52                           ; Code-generator required, PIC18F27Q43 Definitions
    53                           ; 
    54                           ; SFR Addresses
    55  0000                     _ANSELA	set	1024
    56  0000                     _LATA	set	1214
    57  0000                     _TRISA	set	1222
    58  0000                     _PORTA	set	1230
    59                           
    60                           ; #config settings
    61                           
    62                           	psect	cinit
    63  01FF4A                     __pcinit:
    64                           	callstack 0
    65  01FF4A                     start_initialization:
    66                           	callstack 0
    67  01FF4A                     __initialization:
    68                           	callstack 0
    69                           
    70                           ; Clear objects allocated to COMRAM (13 bytes)
    71  01FF4A  EE01  F101         	lfsr	0,__pbssCOMRAM
    72  01FF4E  0E0D               	movlw	13
    73  01FF50                     clear_0:
    74  01FF50  6AEE               	clrf	postinc0,c
    75  01FF52  06E8               	decf	wreg,f,c
    76  01FF54  E1FD               	bnz	clear_0
    77  01FF56                     end_of_initialization:
    78                           	callstack 0
    79  01FF56                     __end_of__initialization:
    80                           	callstack 0
    81  01FF56  0100               	movlb	0
    82  01FF58  EFC9  F0FF         	goto	_main	;jump to C main() function
    83                           
    84                           	psect	bssCOMRAM
    85  000501                     __pbssCOMRAM:
    86                           	callstack 0
    87  000501                     _G_u32SystemFlags:
    88                           	callstack 0
    89  000501                     	ds	4
    90  000505                     _G_u32SystemTime1s:
    91                           	callstack 0
    92  000505                     	ds	4
    93  000509                     _G_u32SystemTime1ms:
    94                           	callstack 0
    95  000509                     	ds	4
    96  00050D                     _G_u8UserAppFlags:
    97                           	callstack 0
    98  00050D                     	ds	1
    99                           
   100                           	psect	cstackCOMRAM
   101  00050E                     __pcstackCOMRAM:
   102                           	callstack 0
   103  00050E                     UserAppRun@u32Counter:
   104                           	callstack 0
   105                           
   106                           ; 4 bytes @ 0x0
   107  00050E                     	ds	4
   108  000512                     
   109                           ; 1 bytes @ 0x4
   110 ;;
   111 ;;Main: autosize = 0, tempsize = 0, incstack = 0, save=0
   112 ;;
   113 ;; *************** function _main *****************
   114 ;; Defined at:
   115 ;;		line 35 in file "main.c"
   116 ;; Parameters:    Size  Location     Type
   117 ;;		None
   118 ;; Auto vars:     Size  Location     Type
   119 ;;		None
   120 ;; Return value:  Size  Location     Type
   121 ;;                  1    wreg      void 
   122 ;; Registers used:
   123 ;;		wreg, status,2, status,0, cstack
   124 ;; Tracked objects:
   125 ;;		On entry : 0/0
   126 ;;		On exit  : 0/0
   127 ;;		Unchanged: 0/0
   128 ;; Data sizes:     COMRAM   BANK5   BANK6   BANK7   BANK8   BANK9  BANK10  BANK11  BANK12  BANK13  BANK14  BANK15  BANK1
      +6  BANK17  BANK18  BANK19  BANK20  BANK21  BANK22  BANK23  BANK24  BANK25  BANK26  BANK27  BANK28  BANK29  BANK30  BANK3
      +1  BANK32  BANK33  BANK34  BANK35  BANK36  BANK37
   129 ;;      Params:         0       0       0       0       0       0       0       0       0       0       0       0       
      +0       0       0       0       0       0       0       0       0       0       0       0       0       0       0       
      +0       0       0       0       0       0       0
   130 ;;      Locals:         0       0       0       0       0       0       0       0       0       0       0       0       
      +0       0       0       0       0       0       0       0       0       0       0       0       0       0       0       
      +0       0       0       0       0       0       0
   131 ;;      Temps:          0       0       0       0       0       0       0       0       0       0       0       0       
      +0       0       0       0       0       0       0       0       0       0       0       0       0       0       0       
      +0       0       0       0       0       0       0
   132 ;;      Totals:         0       0       0       0       0       0       0       0       0       0       0       0       
      +0       0       0       0       0       0       0       0       0       0       0       0       0       0       0       
      +0       0       0       0       0       0       0
   133 ;;Total ram usage:        0 bytes
   134 ;; Hardware stack levels required when called:    1
   135 ;; This function calls:
   136 ;;		_ClockSetup
   137 ;;		_GpioSetup
   138 ;;		_SysTickSetup
   139 ;;		_SystemSleep
   140 ;;		_UserAppInitialize
   141 ;;		_UserAppRun
   142 ;; This function is called by:
   143 ;;		Startup code after reset
   144 ;; This function uses a non-reentrant model
   145 ;;
   146                           
   147                           	psect	text0
   148  01FF92                     __ptext0:
   149                           	callstack 0
   150  01FF92                     _main:
   151                           	callstack 127
   152  01FF92                     
   153                           ;main.c: 37:   G_u32SystemFlags |= (u32)0x80000000;
   154  01FF92  8E04               	bsf	(_G_u32SystemFlags+3)^(0+1280),7,c	;volatile
   155  01FF94                     
   156                           ;main.c: 40:   ClockSetup();
   157  01FF94  ECA2  F0FF         	call	_ClockSetup	;wreg free
   158  01FF98                     
   159                           ;main.c: 41:   SysTickSetup();
   160  01FF98  ECB8  F0FF         	call	_SysTickSetup	;wreg free
   161  01FF9C                     
   162                           ;main.c: 42:   GpioSetup();
   163  01FF9C  ECAE  F0FF         	call	_GpioSetup	;wreg free
   164  01FFA0                     
   165                           ;main.c: 47:   UserAppInitialize();
   166  01FFA0  ECA4  F0FF         	call	_UserAppInitialize	;wreg free
   167  01FFA4                     l775:
   168                           
   169                           ;main.c: 53:   {;main.c: 57:     UserAppRun();
   170  01FFA4  ECDA  F0FF         	call	_UserAppRun	;wreg free
   171  01FFA8                     
   172                           ;main.c: 62:     SystemSleep();
   173  01FFA8  ECA3  F0FF         	call	_SystemSleep	;wreg free
   174  01FFAC  EFD2  F0FF         	goto	l775
   175  01FFB0  EFFE  F0FF         	goto	start
   176  01FFB4                     __end_of_main:
   177                           	callstack 0
   178                           
   179 ;; *************** function _UserAppRun *****************
   180 ;; Defined at:
   181 ;;		line 95 in file "user_app.c"
   182 ;; Parameters:    Size  Location     Type
   183 ;;		None
   184 ;; Auto vars:     Size  Location     Type
   185 ;;  u32Counter      4    0[COMRAM] unsigned long 
   186 ;; Return value:  Size  Location     Type
   187 ;;                  1    wreg      void 
   188 ;; Registers used:
   189 ;;		wreg, status,2, status,0
   190 ;; Tracked objects:
   191 ;;		On entry : 0/0
   192 ;;		On exit  : 0/0
   193 ;;		Unchanged: 0/0
   194 ;; Data sizes:     COMRAM   BANK5   BANK6   BANK7   BANK8   BANK9  BANK10  BANK11  BANK12  BANK13  BANK14  BANK15  BANK1
      +6  BANK17  BANK18  BANK19  BANK20  BANK21  BANK22  BANK23  BANK24  BANK25  BANK26  BANK27  BANK28  BANK29  BANK30  BANK3
      +1  BANK32  BANK33  BANK34  BANK35  BANK36  BANK37
   195 ;;      Params:         0       0       0       0       0       0       0       0       0       0       0       0       
      +0       0       0       0       0       0       0       0       0       0       0       0       0       0       0       
      +0       0       0       0       0       0       0
   196 ;;      Locals:         4       0       0       0       0       0       0       0       0       0       0       0       
      +0       0       0       0       0       0       0       0       0       0       0       0       0       0       0       
      +0       0       0       0       0       0       0
   197 ;;      Temps:          0       0       0       0       0       0       0       0       0       0       0       0       
      +0       0       0       0       0       0       0       0       0       0       0       0       0       0       0       
      +0       0       0       0       0       0       0
   198 ;;      Totals:         4       0       0       0       0       0       0       0       0       0       0       0       
      +0       0       0       0       0       0       0       0       0       0       0       0       0       0       0       
      +0       0       0       0       0       0       0
   199 ;;Total ram usage:        4 bytes
   200 ;; Hardware stack levels used:    1
   201 ;; This function calls:
   202 ;;		Nothing
   203 ;; This function is called by:
   204 ;;		_main
   205 ;; This function uses a non-reentrant model
   206 ;;
   207                           
   208                           	psect	text1
   209  01FFB4                     __ptext1:
   210                           	callstack 0
   211  01FFB4                     _UserAppRun:
   212                           	callstack 127
   213  01FFB4                     
   214                           ;user_app.c: 98:         LATA= LATA+0X01;
   215  01FFB4  28BE               	incf	190,w,c	;volatile
   216  01FFB6  6EBE               	movwf	190,c	;volatile
   217  01FFB8                     
   218                           ;user_app.c: 100:         u32 u32Counter = 400000;
   219  01FFB8  0E80               	movlw	128
   220  01FFBA  6E0E               	movwf	UserAppRun@u32Counter^(0+1280),c
   221  01FFBC  0E1A               	movlw	26
   222  01FFBE  6E0F               	movwf	(UserAppRun@u32Counter+1)^(0+1280),c
   223  01FFC0  0E06               	movlw	6
   224  01FFC2  6E10               	movwf	(UserAppRun@u32Counter+2)^(0+1280),c
   225  01FFC4  0E00               	movlw	0
   226  01FFC6  6E11               	movwf	(UserAppRun@u32Counter+3)^(0+1280),c
   227                           
   228                           ;user_app.c: 101:         while(u32Counter>0)
   229  01FFC8  EFF2  F0FF         	goto	l60
   230  01FFCC                     l747:
   231                           
   232                           ;user_app.c: 102:         {;user_app.c: 103:             u32Counter= u32Counter-1;
   233  01FFCC  0EFF               	movlw	255
   234  01FFCE  240E               	addwf	UserAppRun@u32Counter^(0+1280),w,c
   235  01FFD0  6E0E               	movwf	UserAppRun@u32Counter^(0+1280),c
   236  01FFD2  0EFF               	movlw	255
   237  01FFD4  200F               	addwfc	(UserAppRun@u32Counter+1)^(0+1280),w,c
   238  01FFD6  6E0F               	movwf	(UserAppRun@u32Counter+1)^(0+1280),c
   239  01FFD8  0EFF               	movlw	255
   240  01FFDA  2010               	addwfc	(UserAppRun@u32Counter+2)^(0+1280),w,c
   241  01FFDC  6E10               	movwf	(UserAppRun@u32Counter+2)^(0+1280),c
   242  01FFDE  0EFF               	movlw	255
   243  01FFE0  2011               	addwfc	(UserAppRun@u32Counter+3)^(0+1280),w,c
   244  01FFE2  6E11               	movwf	(UserAppRun@u32Counter+3)^(0+1280),c
   245  01FFE4                     l60:
   246                           
   247                           ;user_app.c: 101:         while(u32Counter>0)
   248  01FFE4  500E               	movf	UserAppRun@u32Counter^(0+1280),w,c
   249  01FFE6  100F               	iorwf	(UserAppRun@u32Counter+1)^(0+1280),w,c
   250  01FFE8  1010               	iorwf	(UserAppRun@u32Counter+2)^(0+1280),w,c
   251  01FFEA  1011               	iorwf	(UserAppRun@u32Counter+3)^(0+1280),w,c
   252  01FFEC  A4D8               	btfss	status,2,c
   253  01FFEE  EFFB  F0FF         	goto	u11
   254  01FFF2  EFFD  F0FF         	goto	u10
   255  01FFF6                     u11:
   256  01FFF6  EFE6  F0FF         	goto	l747
   257  01FFFA                     u10:
   258  01FFFA  0012               	return		;funcret
   259  01FFFC                     __end_of_UserAppRun:
   260                           	callstack 0
   261                           
   262 ;; *************** function _UserAppInitialize *****************
   263 ;; Defined at:
   264 ;;		line 76 in file "user_app.c"
   265 ;; Parameters:    Size  Location     Type
   266 ;;		None
   267 ;; Auto vars:     Size  Location     Type
   268 ;;		None
   269 ;; Return value:  Size  Location     Type
   270 ;;                  1    wreg      void 
   271 ;; Registers used:
   272 ;;		None
   273 ;; Tracked objects:
   274 ;;		On entry : 0/0
   275 ;;		On exit  : 0/0
   276 ;;		Unchanged: 0/0
   277 ;; Data sizes:     COMRAM   BANK5   BANK6   BANK7   BANK8   BANK9  BANK10  BANK11  BANK12  BANK13  BANK14  BANK15  BANK1
      +6  BANK17  BANK18  BANK19  BANK20  BANK21  BANK22  BANK23  BANK24  BANK25  BANK26  BANK27  BANK28  BANK29  BANK30  BANK3
      +1  BANK32  BANK33  BANK34  BANK35  BANK36  BANK37
   278 ;;      Params:         0       0       0       0       0       0       0       0       0       0       0       0       
      +0       0       0       0       0       0       0       0       0       0       0       0       0       0       0       
      +0       0       0       0       0       0       0
   279 ;;      Locals:         0       0       0       0       0       0       0       0       0       0       0       0       
      +0       0       0       0       0       0       0       0       0       0       0       0       0       0       0       
      +0       0       0       0       0       0       0
   280 ;;      Temps:          0       0       0       0       0       0       0       0       0       0       0       0       
      +0       0       0       0       0       0       0       0       0       0       0       0       0       0       0       
      +0       0       0       0       0       0       0
   281 ;;      Totals:         0       0       0       0       0       0       0       0       0       0       0       0       
      +0       0       0       0       0       0       0       0       0       0       0       0       0       0       0       
      +0       0       0       0       0       0       0
   282 ;;Total ram usage:        0 bytes
   283 ;; Hardware stack levels used:    1
   284 ;; This function calls:
   285 ;;		Nothing
   286 ;; This function is called by:
   287 ;;		_main
   288 ;; This function uses a non-reentrant model
   289 ;;
   290                           
   291                           	psect	text2
   292  01FF48                     __ptext2:
   293                           	callstack 0
   294  01FF48                     _UserAppInitialize:
   295                           	callstack 127
   296  01FF48  0012               	return		;funcret
   297  01FF4A                     __end_of_UserAppInitialize:
   298                           	callstack 0
   299                           
   300 ;; *************** function _SystemSleep *****************
   301 ;; Defined at:
   302 ;;		line 137 in file "encm369_pic18.c"
   303 ;; Parameters:    Size  Location     Type
   304 ;;		None
   305 ;; Auto vars:     Size  Location     Type
   306 ;;		None
   307 ;; Return value:  Size  Location     Type
   308 ;;                  1    wreg      void 
   309 ;; Registers used:
   310 ;;		None
   311 ;; Tracked objects:
   312 ;;		On entry : 0/0
   313 ;;		On exit  : 0/0
   314 ;;		Unchanged: 0/0
   315 ;; Data sizes:     COMRAM   BANK5   BANK6   BANK7   BANK8   BANK9  BANK10  BANK11  BANK12  BANK13  BANK14  BANK15  BANK1
      +6  BANK17  BANK18  BANK19  BANK20  BANK21  BANK22  BANK23  BANK24  BANK25  BANK26  BANK27  BANK28  BANK29  BANK30  BANK3
      +1  BANK32  BANK33  BANK34  BANK35  BANK36  BANK37
   316 ;;      Params:         0       0       0       0       0       0       0       0       0       0       0       0       
      +0       0       0       0       0       0       0       0       0       0       0       0       0       0       0       
      +0       0       0       0       0       0       0
   317 ;;      Locals:         0       0       0       0       0       0       0       0       0       0       0       0       
      +0       0       0       0       0       0       0       0       0       0       0       0       0       0       0       
      +0       0       0       0       0       0       0
   318 ;;      Temps:          0       0       0       0       0       0       0       0       0       0       0       0       
      +0       0       0       0       0       0       0       0       0       0       0       0       0       0       0       
      +0       0       0       0       0       0       0
   319 ;;      Totals:         0       0       0       0       0       0       0       0       0       0       0       0       
      +0       0       0       0       0       0       0       0       0       0       0       0       0       0       0       
      +0       0       0       0       0       0       0
   320 ;;Total ram usage:        0 bytes
   321 ;; Hardware stack levels used:    1
   322 ;; This function calls:
   323 ;;		Nothing
   324 ;; This function is called by:
   325 ;;		_main
   326 ;; This function uses a non-reentrant model
   327 ;;
   328                           
   329                           	psect	text3
   330  01FF46                     __ptext3:
   331                           	callstack 0
   332  01FF46                     _SystemSleep:
   333                           	callstack 127
   334  01FF46  0012               	return		;funcret
   335  01FF48                     __end_of_SystemSleep:
   336                           	callstack 0
   337                           
   338 ;; *************** function _SysTickSetup *****************
   339 ;; Defined at:
   340 ;;		line 115 in file "encm369_pic18.c"
   341 ;; Parameters:    Size  Location     Type
   342 ;;		None
   343 ;; Auto vars:     Size  Location     Type
   344 ;;		None
   345 ;; Return value:  Size  Location     Type
   346 ;;                  1    wreg      void 
   347 ;; Registers used:
   348 ;;		wreg, status,2
   349 ;; Tracked objects:
   350 ;;		On entry : 0/0
   351 ;;		On exit  : 0/0
   352 ;;		Unchanged: 0/0
   353 ;; Data sizes:     COMRAM   BANK5   BANK6   BANK7   BANK8   BANK9  BANK10  BANK11  BANK12  BANK13  BANK14  BANK15  BANK1
      +6  BANK17  BANK18  BANK19  BANK20  BANK21  BANK22  BANK23  BANK24  BANK25  BANK26  BANK27  BANK28  BANK29  BANK30  BANK3
      +1  BANK32  BANK33  BANK34  BANK35  BANK36  BANK37
   354 ;;      Params:         0       0       0       0       0       0       0       0       0       0       0       0       
      +0       0       0       0       0       0       0       0       0       0       0       0       0       0       0       
      +0       0       0       0       0       0       0
   355 ;;      Locals:         0       0       0       0       0       0       0       0       0       0       0       0       
      +0       0       0       0       0       0       0       0       0       0       0       0       0       0       0       
      +0       0       0       0       0       0       0
   356 ;;      Temps:          0       0       0       0       0       0       0       0       0       0       0       0       
      +0       0       0       0       0       0       0       0       0       0       0       0       0       0       0       
      +0       0       0       0       0       0       0
   357 ;;      Totals:         0       0       0       0       0       0       0       0       0       0       0       0       
      +0       0       0       0       0       0       0       0       0       0       0       0       0       0       0       
      +0       0       0       0       0       0       0
   358 ;;Total ram usage:        0 bytes
   359 ;; Hardware stack levels used:    1
   360 ;; This function calls:
   361 ;;		Nothing
   362 ;; This function is called by:
   363 ;;		_main
   364 ;; This function uses a non-reentrant model
   365 ;;
   366                           
   367                           	psect	text4
   368  01FF70                     __ptext4:
   369                           	callstack 0
   370  01FF70                     _SysTickSetup:
   371                           	callstack 127
   372  01FF70                     
   373                           ;encm369_pic18.c: 117:   G_u32SystemTime1ms = 0;
   374  01FF70  0E00               	movlw	0
   375  01FF72  6E09               	movwf	_G_u32SystemTime1ms^(0+1280),c	;volatile
   376  01FF74  0E00               	movlw	0
   377  01FF76  6E0A               	movwf	(_G_u32SystemTime1ms+1)^(0+1280),c	;volatile
   378  01FF78  0E00               	movlw	0
   379  01FF7A  6E0B               	movwf	(_G_u32SystemTime1ms+2)^(0+1280),c	;volatile
   380  01FF7C  0E00               	movlw	0
   381  01FF7E  6E0C               	movwf	(_G_u32SystemTime1ms+3)^(0+1280),c	;volatile
   382                           
   383                           ;encm369_pic18.c: 118:   G_u32SystemTime1s = 0;
   384  01FF80  0E00               	movlw	0
   385  01FF82  6E05               	movwf	_G_u32SystemTime1s^(0+1280),c	;volatile
   386  01FF84  0E00               	movlw	0
   387  01FF86  6E06               	movwf	(_G_u32SystemTime1s+1)^(0+1280),c	;volatile
   388  01FF88  0E00               	movlw	0
   389  01FF8A  6E07               	movwf	(_G_u32SystemTime1s+2)^(0+1280),c	;volatile
   390  01FF8C  0E00               	movlw	0
   391  01FF8E  6E08               	movwf	(_G_u32SystemTime1s+3)^(0+1280),c	;volatile
   392  01FF90  0012               	return		;funcret
   393  01FF92                     __end_of_SysTickSetup:
   394                           	callstack 0
   395                           
   396 ;; *************** function _GpioSetup *****************
   397 ;; Defined at:
   398 ;;		line 89 in file "encm369_pic18.c"
   399 ;; Parameters:    Size  Location     Type
   400 ;;		None
   401 ;; Auto vars:     Size  Location     Type
   402 ;;		None
   403 ;; Return value:  Size  Location     Type
   404 ;;                  1    wreg      void 
   405 ;; Registers used:
   406 ;;		wreg, status,2
   407 ;; Tracked objects:
   408 ;;		On entry : 0/0
   409 ;;		On exit  : 0/0
   410 ;;		Unchanged: 0/0
   411 ;; Data sizes:     COMRAM   BANK5   BANK6   BANK7   BANK8   BANK9  BANK10  BANK11  BANK12  BANK13  BANK14  BANK15  BANK1
      +6  BANK17  BANK18  BANK19  BANK20  BANK21  BANK22  BANK23  BANK24  BANK25  BANK26  BANK27  BANK28  BANK29  BANK30  BANK3
      +1  BANK32  BANK33  BANK34  BANK35  BANK36  BANK37
   412 ;;      Params:         0       0       0       0       0       0       0       0       0       0       0       0       
      +0       0       0       0       0       0       0       0       0       0       0       0       0       0       0       
      +0       0       0       0       0       0       0
   413 ;;      Locals:         0       0       0       0       0       0       0       0       0       0       0       0       
      +0       0       0       0       0       0       0       0       0       0       0       0       0       0       0       
      +0       0       0       0       0       0       0
   414 ;;      Temps:          0       0       0       0       0       0       0       0       0       0       0       0       
      +0       0       0       0       0       0       0       0       0       0       0       0       0       0       0       
      +0       0       0       0       0       0       0
   415 ;;      Totals:         0       0       0       0       0       0       0       0       0       0       0       0       
      +0       0       0       0       0       0       0       0       0       0       0       0       0       0       0       
      +0       0       0       0       0       0       0
   416 ;;Total ram usage:        0 bytes
   417 ;; Hardware stack levels used:    1
   418 ;; This function calls:
   419 ;;		Nothing
   420 ;; This function is called by:
   421 ;;		_main
   422 ;; This function uses a non-reentrant model
   423 ;;
   424                           
   425                           	psect	text5
   426  01FF5C                     __ptext5:
   427                           	callstack 0
   428  01FF5C                     _GpioSetup:
   429                           	callstack 127
   430  01FF5C                     
   431                           ;encm369_pic18.c: 91:     PORTA =0X00;
   432  01FF5C  0E00               	movlw	0
   433  01FF5E  6ECE               	movwf	206,c	;volatile
   434                           
   435                           ;encm369_pic18.c: 92:     TRISA = 0X00;
   436  01FF60  0E00               	movlw	0
   437  01FF62  6EC6               	movwf	198,c	;volatile
   438                           
   439                           ;encm369_pic18.c: 93:     ANSELA = 0X00;
   440  01FF64  0E00               	movlw	0
   441  01FF66  0104               	movlb	4	; () banked
   442  01FF68  6F00               	movwf	0,b	;volatile
   443                           
   444                           ;encm369_pic18.c: 94:     LATA = 0X80;
   445  01FF6A  0E80               	movlw	128
   446  01FF6C  6EBE               	movwf	190,c	;volatile
   447  01FF6E                     
   448                           ; BSR set to: 4
   449  01FF6E  0012               	return		;funcret
   450  01FF70                     __end_of_GpioSetup:
   451                           	callstack 0
   452                           
   453 ;; *************** function _ClockSetup *****************
   454 ;; Defined at:
   455 ;;		line 70 in file "encm369_pic18.c"
   456 ;; Parameters:    Size  Location     Type
   457 ;;		None
   458 ;; Auto vars:     Size  Location     Type
   459 ;;		None
   460 ;; Return value:  Size  Location     Type
   461 ;;                  1    wreg      void 
   462 ;; Registers used:
   463 ;;		None
   464 ;; Tracked objects:
   465 ;;		On entry : 0/0
   466 ;;		On exit  : 0/0
   467 ;;		Unchanged: 0/0
   468 ;; Data sizes:     COMRAM   BANK5   BANK6   BANK7   BANK8   BANK9  BANK10  BANK11  BANK12  BANK13  BANK14  BANK15  BANK1
      +6  BANK17  BANK18  BANK19  BANK20  BANK21  BANK22  BANK23  BANK24  BANK25  BANK26  BANK27  BANK28  BANK29  BANK30  BANK3
      +1  BANK32  BANK33  BANK34  BANK35  BANK36  BANK37
   469 ;;      Params:         0       0       0       0       0       0       0       0       0       0       0       0       
      +0       0       0       0       0       0       0       0       0       0       0       0       0       0       0       
      +0       0       0       0       0       0       0
   470 ;;      Locals:         0       0       0       0       0       0       0       0       0       0       0       0       
      +0       0       0       0       0       0       0       0       0       0       0       0       0       0       0       
      +0       0       0       0       0       0       0
   471 ;;      Temps:          0       0       0       0       0       0       0       0       0       0       0       0       
      +0       0       0       0       0       0       0       0       0       0       0       0       0       0       0       
      +0       0       0       0       0       0       0
   472 ;;      Totals:         0       0       0       0       0       0       0       0       0       0       0       0       
      +0       0       0       0       0       0       0       0       0       0       0       0       0       0       0       
      +0       0       0       0       0       0       0
   473 ;;Total ram usage:        0 bytes
   474 ;; Hardware stack levels used:    1
   475 ;; This function calls:
   476 ;;		Nothing
   477 ;; This function is called by:
   478 ;;		_main
   479 ;; This function uses a non-reentrant model
   480 ;;
   481                           
   482                           	psect	text6
   483  01FF44                     __ptext6:
   484                           	callstack 0
   485  01FF44                     _ClockSetup:
   486                           	callstack 127
   487  01FF44  0012               	return		;funcret
   488  01FF46                     __end_of_ClockSetup:
   489                           	callstack 0
   490  0000                     
   491                           	psect	rparam
   492  0000                     
   493                           	psect	idloc
   494                           
   495                           ;Config register IDLOC0 @ 0x200000
   496                           ;	unspecified, using default values
   497  200000                     	org	2097152
   498  200000  0FFF               	dw	4095
   499                           
   500                           ;Config register IDLOC1 @ 0x200002
   501                           ;	unspecified, using default values
   502  200002                     	org	2097154
   503  200002  0FFF               	dw	4095
   504                           
   505                           ;Config register IDLOC2 @ 0x200004
   506                           ;	unspecified, using default values
   507  200004                     	org	2097156
   508  200004  0FFF               	dw	4095
   509                           
   510                           ;Config register IDLOC3 @ 0x200006
   511                           ;	unspecified, using default values
   512  200006                     	org	2097158
   513  200006  0FFF               	dw	4095
   514                           
   515                           ;Config register IDLOC4 @ 0x200008
   516                           ;	unspecified, using default values
   517  200008                     	org	2097160
   518  200008  0FFF               	dw	4095
   519                           
   520                           ;Config register IDLOC5 @ 0x20000A
   521                           ;	unspecified, using default values
   522  20000A                     	org	2097162
   523  20000A  0FFF               	dw	4095
   524                           
   525                           ;Config register IDLOC6 @ 0x20000C
   526                           ;	unspecified, using default values
   527  20000C                     	org	2097164
   528  20000C  0FFF               	dw	4095
   529                           
   530                           ;Config register IDLOC7 @ 0x20000E
   531                           ;	unspecified, using default values
   532  20000E                     	org	2097166
   533  20000E  0FFF               	dw	4095
   534                           
   535                           ;Config register IDLOC8 @ 0x200010
   536                           ;	unspecified, using default values
   537  200010                     	org	2097168
   538  200010  0FFF               	dw	4095
   539                           
   540                           ;Config register IDLOC9 @ 0x200012
   541                           ;	unspecified, using default values
   542  200012                     	org	2097170
   543  200012  0FFF               	dw	4095
   544                           
   545                           ;Config register IDLOC10 @ 0x200014
   546                           ;	unspecified, using default values
   547  200014                     	org	2097172
   548  200014  0FFF               	dw	4095
   549                           
   550                           ;Config register IDLOC11 @ 0x200016
   551                           ;	unspecified, using default values
   552  200016                     	org	2097174
   553  200016  0FFF               	dw	4095
   554                           
   555                           ;Config register IDLOC12 @ 0x200018
   556                           ;	unspecified, using default values
   557  200018                     	org	2097176
   558  200018  0FFF               	dw	4095
   559                           
   560                           ;Config register IDLOC13 @ 0x20001A
   561                           ;	unspecified, using default values
   562  20001A                     	org	2097178
   563  20001A  0FFF               	dw	4095
   564                           
   565                           ;Config register IDLOC14 @ 0x20001C
   566                           ;	unspecified, using default values
   567  20001C                     	org	2097180
   568  20001C  0FFF               	dw	4095
   569                           
   570                           ;Config register IDLOC15 @ 0x20001E
   571                           ;	unspecified, using default values
   572  20001E                     	org	2097182
   573  20001E  0FFF               	dw	4095
   574                           
   575                           	psect	config
   576                           
   577                           ;Config register CONFIG1 @ 0x300000
   578                           ;	External Oscillator Selection
   579                           ;	FEXTOSC = OFF, Oscillator not enabled
   580                           ;	Reset Oscillator Selection
   581                           ;	RSTOSC = HFINTOSC_64MHZ, HFINTOSC with HFFRQ = 64 MHz and CDIV = 1:1
   582  300000                     	org	3145728
   583  300000  8C                 	db	140
   584                           
   585                           ;Config register CONFIG2 @ 0x300001
   586                           ;	Clock out Enable bit
   587                           ;	CLKOUTEN = ON, CLKOUT function is enabled
   588                           ;	PRLOCKED One-Way Set Enable bit
   589                           ;	PR1WAY = ON, PRLOCKED bit can be cleared and set only once
   590                           ;	Clock Switch Enable bit
   591                           ;	CSWEN = ON, Writing to NOSC and NDIV is allowed
   592                           ;	Fail-Safe Clock Monitor Enable bit
   593                           ;	FCMEN = ON, Fail-Safe Clock Monitor enabled
   594  300001                     	org	3145729
   595  300001  FE                 	db	254
   596                           
   597                           ;Config register CONFIG3 @ 0x300002
   598                           ;	MCLR Enable bit
   599                           ;	MCLRE = EXTMCLR, If LVP = 0, MCLR pin is MCLR; If LVP = 1, RE3 pin function is MCLR
   600                           ;	Power-up timer selection bits
   601                           ;	PWRTS = PWRT_OFF, PWRT is disabled
   602                           ;	Multi-vector enable bit
   603                           ;	MVECEN = ON, Multi-vector enabled, Vector table used for interrupts
   604                           ;	IVTLOCK bit One-way set enable bit
   605                           ;	IVT1WAY = ON, IVTLOCKED bit can be cleared and set only once
   606                           ;	Low Power BOR Enable bit
   607                           ;	LPBOREN = OFF, Low-Power BOR disabled
   608                           ;	Brown-out Reset Enable bits
   609                           ;	BOREN = SBORDIS, Brown-out Reset enabled , SBOREN bit is ignored
   610  300002                     	org	3145730
   611  300002  FF                 	db	255
   612                           
   613                           ;Config register CONFIG4 @ 0x300003
   614                           ;	Brown-out Reset Voltage Selection bits
   615                           ;	BORV = VBOR_2P85, Brown-out Reset Voltage (VBOR) set to 2.8V
   616                           ;	ZCD Disable bit
   617                           ;	ZCD = OFF, ZCD module is disabled. ZCD can be enabled by setting the ZCDSEN bit of ZCD
      +                          CON
   618                           ;	PPSLOCK bit One-Way Set Enable bit
   619                           ;	PPS1WAY = ON, PPSLOCKED bit can be cleared and set only once; PPS registers remain loc
      +                          ked after one clear/set cycle
   620                           ;	Stack Full/Underflow Reset Enable bit
   621                           ;	STVREN = ON, Stack full/underflow will cause Reset
   622                           ;	Low Voltage Programming Enable bit
   623                           ;	LVP = ON, Low voltage programming enabled. MCLR/VPP pin function is MCLR. MCLRE config
      +                          uration bit is ignored
   624                           ;	Extended Instruction Set Enable bit
   625                           ;	XINST = OFF, Extended Instruction Set and Indexed Addressing Mode disabled
   626  300003                     	org	3145731
   627  300003  FC                 	db	252
   628                           
   629                           ;Config register CONFIG5 @ 0x300004
   630                           ;	WDT Period selection bits
   631                           ;	WDTCPS = WDTCPS_31, Divider ratio 1:65536; software control of WDTPS
   632                           ;	WDT operating mode
   633                           ;	WDTE = OFF, WDT Disabled; SWDTEN is ignored
   634  300004                     	org	3145732
   635  300004  9F                 	db	159
   636                           
   637                           ;Config register CONFIG6 @ 0x300005
   638                           ;	WDT Window Select bits
   639                           ;	WDTCWS = WDTCWS_7, window always open (100%); software control; keyed access not requi
      +                          red
   640                           ;	WDT input clock selector
   641                           ;	WDTCCS = SC, Software Control
   642  300005                     	org	3145733
   643  300005  FF                 	db	255
   644                           
   645                           ;Config register CONFIG7 @ 0x300006
   646                           ;	Boot Block Size selection bits
   647                           ;	BBSIZE = BBSIZE_512, Boot Block size is 512 words
   648                           ;	Boot Block enable bit
   649                           ;	BBEN = OFF, Boot block disabled
   650                           ;	Storage Area Flash enable bit
   651                           ;	SAFEN = OFF, SAF disabled
   652                           ;	Background Debugger
   653                           ;	DEBUG = OFF, Background Debugger disabled
   654  300006                     	org	3145734
   655  300006  FF                 	db	255
   656                           
   657                           ;Config register CONFIG8 @ 0x300007
   658                           ;	Boot Block Write Protection bit
   659                           ;	WRTB = OFF, Boot Block not Write protected
   660                           ;	Configuration Register Write Protection bit
   661                           ;	WRTC = OFF, Configuration registers not Write protected
   662                           ;	Data EEPROM Write Protection bit
   663                           ;	WRTD = OFF, Data EEPROM not Write protected
   664                           ;	SAF Write protection bit
   665                           ;	WRTSAF = OFF, SAF not Write Protected
   666                           ;	Application Block write protection bit
   667                           ;	WRTAPP = OFF, Application Block not write protected
   668  300007                     	org	3145735
   669  300007  FF                 	db	255
   670                           
   671                           ; Padding undefined space
   672  300008                     	org	3145736
   673  300008  FF                 	db	255
   674                           
   675                           ;Config register CONFIG10 @ 0x300009
   676                           ;	PFM and Data EEPROM Code Protection bit
   677                           ;	CP = OFF, PFM and Data EEPROM code protection disabled
   678  300009                     	org	3145737
   679  300009  FF                 	db	255
   680                           tosu	equ	0x4FF
   681                           tosh	equ	0x4FE
   682                           tosl	equ	0x4FD
   683                           stkptr	equ	0x4FC
   684                           pclatu	equ	0x4FB
   685                           pclath	equ	0x4FA
   686                           pcl	equ	0x4F9
   687                           tblptru	equ	0x4F8
   688                           tblptrh	equ	0x4F7
   689                           tblptrl	equ	0x4F6
   690                           tablat	equ	0x4F5
   691                           prodh	equ	0x4F4
   692                           prodl	equ	0x4F3
   693                           indf0	equ	0x4EF
   694                           postinc0	equ	0x4EE
   695                           postdec0	equ	0x4ED
   696                           preinc0	equ	0x4EC
   697                           plusw0	equ	0x4EB
   698                           fsr0h	equ	0x4EA
   699                           fsr0l	equ	0x4E9
   700                           wreg	equ	0x4E8
   701                           indf1	equ	0x4E7
   702                           postinc1	equ	0x4E6
   703                           postdec1	equ	0x4E5
   704                           preinc1	equ	0x4E4
   705                           plusw1	equ	0x4E3
   706                           fsr1h	equ	0x4E2
   707                           fsr1l	equ	0x4E1
   708                           bsr	equ	0x4E0
   709                           indf2	equ	0x4DF
   710                           postinc2	equ	0x4DE
   711                           postdec2	equ	0x4DD
   712                           preinc2	equ	0x4DC
   713                           plusw2	equ	0x4DB
   714                           fsr2h	equ	0x4DA
   715                           fsr2l	equ	0x4D9
   716                           status	equ	0x4D8

Data Sizes:
    Strings     0
    Constant    0
    Data        0
    BSS         13
    Persistent  0
    Stack       0

Auto Spaces:
    Space          Size  Autos    Used
    COMRAM           95      4      17
    BANK5           160      0       0
    BANK6           256      0       0
    BANK7           256      0       0
    BANK8           256      0       0
    BANK9           256      0       0
    BANK10          256      0       0
    BANK11          256      0       0
    BANK12          256      0       0
    BANK13          256      0       0
    BANK14          256      0       0
    BANK15          256      0       0
    BANK16          256      0       0
    BANK17          256      0       0
    BANK18          256      0       0
    BANK19          256      0       0
    BANK20          256      0       0
    BANK21          256      0       0
    BANK22          256      0       0
    BANK23          256      0       0
    BANK24          256      0       0
    BANK25          256      0       0
    BANK26          256      0       0
    BANK27          256      0       0
    BANK28          256      0       0
    BANK29          256      0       0
    BANK30          256      0       0
    BANK31          256      0       0
    BANK32          256      0       0
    BANK33          256      0       0
    BANK34          256      0       0
    BANK35          256      0       0
    BANK36          256      0       0
    BANK37          256      0       0

Pointer List with Targets:

    None.

Critical Paths under _main in COMRAM

    _main->_UserAppRun

Critical Paths under _main in BANK5

    None.

Critical Paths under _main in BANK6

    None.

Critical Paths under _main in BANK7

    None.

Critical Paths under _main in BANK8

    None.

Critical Paths under _main in BANK9

    None.

Critical Paths under _main in BANK10

    None.

Critical Paths under _main in BANK11

    None.

Critical Paths under _main in BANK12

    None.

Critical Paths under _main in BANK13

    None.

Critical Paths under _main in BANK14

    None.

Critical Paths under _main in BANK15

    None.

Critical Paths under _main in BANK16

    None.

Critical Paths under _main in BANK17

    None.

Critical Paths under _main in BANK18

    None.

Critical Paths under _main in BANK19

    None.

Critical Paths under _main in BANK20

    None.

Critical Paths under _main in BANK21

    None.

Critical Paths under _main in BANK22

    None.

Critical Paths under _main in BANK23

    None.

Critical Paths under _main in BANK24

    None.

Critical Paths under _main in BANK25

    None.

Critical Paths under _main in BANK26

    None.

Critical Paths under _main in BANK27

    None.

Critical Paths under _main in BANK28

    None.

Critical Paths under _main in BANK29

    None.

Critical Paths under _main in BANK30

    None.

Critical Paths under _main in BANK31

    None.

Critical Paths under _main in BANK32

    None.

Critical Paths under _main in BANK33

    None.

Critical Paths under _main in BANK34

    None.

Critical Paths under _main in BANK35

    None.

Critical Paths under _main in BANK36

    None.

Critical Paths under _main in BANK37

    None.

Call Graph Tables:

 ---------------------------------------------------------------------------------
 (Depth) Function   	        Calls       Base Space   Used Autos Params    Refs
 ---------------------------------------------------------------------------------
 (0) _main                                                 0     0      0      30
                         _ClockSetup
                          _GpioSetup
                       _SysTickSetup
                        _SystemSleep
                  _UserAppInitialize
                         _UserAppRun
 ---------------------------------------------------------------------------------
 (1) _UserAppRun                                           4     4      0      30
                                              0 COMRAM     4     4      0
 ---------------------------------------------------------------------------------
 (1) _UserAppInitialize                                    0     0      0       0
 ---------------------------------------------------------------------------------
 (1) _SystemSleep                                          0     0      0       0
 ---------------------------------------------------------------------------------
 (1) _SysTickSetup                                         0     0      0       0
 ---------------------------------------------------------------------------------
 (1) _GpioSetup                                            0     0      0       0
 ---------------------------------------------------------------------------------
 (1) _ClockSetup                                           0     0      0       0
 ---------------------------------------------------------------------------------
 Estimated maximum stack depth 1
 ---------------------------------------------------------------------------------

 Call Graph Graphs:

 _main (ROOT)
   _ClockSetup
   _GpioSetup
   _SysTickSetup
   _SystemSleep
   _UserAppInitialize
   _UserAppRun

 Address spaces:
Name               Size   Autos  Total    Cost      Usage
BIGRAM            20FF      0       0      71        0.0%
EEDATA             400      0       0       0        0.0%
BITBANK37          100      0       0      70        0.0%
BANK37             100      0       0      68        0.0%
BITBANK36          100      0       0      66        0.0%
BANK36             100      0       0      67        0.0%
BITBANK35          100      0       0      64        0.0%
BANK35             100      0       0      65        0.0%
BITBANK34          100      0       0      62        0.0%
BANK34             100      0       0      63        0.0%
BITBANK33          100      0       0      60        0.0%
BANK33             100      0       0      61        0.0%
BITBANK32          100      0       0      58        0.0%
BANK32             100      0       0      59        0.0%
BITBANK31          100      0       0      56        0.0%
BANK31             100      0       0      57        0.0%
BITBANK30          100      0       0      54        0.0%
BANK30             100      0       0      55        0.0%
BITBANK29          100      0       0      52        0.0%
BANK29             100      0       0      53        0.0%
BITBANK28          100      0       0      50        0.0%
BANK28             100      0       0      51        0.0%
BITBANK27          100      0       0      48        0.0%
BANK27             100      0       0      49        0.0%
BITBANK26          100      0       0      46        0.0%
BANK26             100      0       0      47        0.0%
BITBANK25          100      0       0      44        0.0%
BANK25             100      0       0      45        0.0%
BITBANK24          100      0       0      42        0.0%
BANK24             100      0       0      43        0.0%
BITBANK23          100      0       0      40        0.0%
BANK23             100      0       0      41        0.0%
BITBANK22          100      0       0      38        0.0%
BANK22             100      0       0      39        0.0%
BITBANK21          100      0       0      36        0.0%
BANK21             100      0       0      37        0.0%
BITBANK20          100      0       0      34        0.0%
BANK20             100      0       0      35        0.0%
BITBANK19          100      0       0      32        0.0%
BANK19             100      0       0      33        0.0%
BITBANK18          100      0       0      30        0.0%
BANK18             100      0       0      31        0.0%
BITBANK17          100      0       0      28        0.0%
BANK17             100      0       0      29        0.0%
BITBANK16          100      0       0      26        0.0%
BANK16             100      0       0      27        0.0%
BITBANK15          100      0       0      24        0.0%
BANK15             100      0       0      25        0.0%
BITBANK14          100      0       0      22        0.0%
BANK14             100      0       0      23        0.0%
BITBANK13          100      0       0      20        0.0%
BANK13             100      0       0      21        0.0%
BITBANK12          100      0       0      18        0.0%
BANK12             100      0       0      19        0.0%
BITBANK11          100      0       0      16        0.0%
BANK11             100      0       0      17        0.0%
BITBANK10          100      0       0      14        0.0%
BANK10             100      0       0      15        0.0%
BITBANK9           100      0       0      12        0.0%
BANK9              100      0       0      13        0.0%
BITBANK8           100      0       0      10        0.0%
BANK8              100      0       0      11        0.0%
BITBANK7           100      0       0       8        0.0%
BANK7              100      0       0       9        0.0%
BITBANK6           100      0       0       6        0.0%
BANK6              100      0       0       7        0.0%
BITBANK5            A0      0       0       4        0.0%
BANK5               A0      0       0       5        0.0%
BITCOMRAM           5F      0       0       0        0.0%
COMRAM              5F      4      11       1       17.9%
BITSFR_5             0      0       0     200        0.0%
SFR_5                0      0       0     200        0.0%
BITSFR_4             0      0       0     200        0.0%
SFR_4                0      0       0     200        0.0%
BITSFR_3             0      0       0     200        0.0%
SFR_3                0      0       0     200        0.0%
BITSFR_2             0      0       0     200        0.0%
SFR_2                0      0       0     200        0.0%
BITSFR_1             0      0       0     200        0.0%
SFR_1                0      0       0     200        0.0%
BITSFR               0      0       0     200        0.0%
SFR                  0      0       0     200        0.0%
STACK                0      0       0       2        0.0%
NULL                 0      0       0       0        0.0%
ABS                  0      0      11      69        0.0%
DATA                 0      0      11       3        0.0%
CODE                 0      0       0       0        0.0%


Microchip Technology PIC18 Macro Assembler V2.31 build 20201012212115 
Symbol Table                                                                                   Sun Feb  7 14:17:54 2021

     __size_of_SysTickSetup 0022                          l21 FF90                          l15 FF44  
                        l24 FF46                          l18 FF6E                          l60 FFE4  
                        l63 FFFA                          l57 FF48                          u10 FFFA  
                        u11 FFF6                         l743 FFB4                         l745 FFB8  
                       l739 FF5C                         l763 FF70                         l747 FFCC  
                       l771 FF9C                         l773 FFA0                         l765 FF92  
                       l775 FFA4                         l767 FF94                         l777 FFA8  
                       l769 FF98                         wreg 0004E8                        _LATA 0004BE  
                      _main FF92                _SysTickSetup FF70                        start FFFC  
      __size_of_SystemSleep 0002                ___param_bank 000000                  _ClockSetup FF44  
                     ?_main 050E                       _PORTA 0004CE                       _TRISA 0004C6  
                     status 0004D8             __initialization FF4A                __end_of_main FFB4  
                    ??_main 0512               __activetblptr 000000                      _ANSELA 000400  
        __size_of_GpioSetup 0014                 ?_ClockSetup 050E                      clear_0 FF50  
                _UserAppRun FFB4                  __accesstop 0560     __end_of__initialization FF56  
             ___rparam_used 000001            _G_u8UserAppFlags 050D              __pcstackCOMRAM 050E  
         __end_of_GpioSetup FF70         __size_of_ClockSetup 0002                 ?_UserAppRun 050E  
             ??_SystemSleep 050E                     __Hparam 0000                     __Lparam 0000  
                   __pcinit FF4A                     __ramtop 2600                     __ptext0 FF92  
                   __ptext1 FFB4                     __ptext2 FF48                     __ptext3 FF46  
                   __ptext4 FF70                     __ptext5 FF5C                     __ptext6 FF44  
      end_of_initialization FF56            _G_u32SystemFlags 0501                     postinc0 0004EE  
       __end_of_SystemSleep FF48                ??_ClockSetup 050E         __size_of_UserAppRun 0048  
      UserAppRun@u32Counter 050E          __end_of_ClockSetup FF46                   _GpioSetup FF5C  
       start_initialization FF4A               ?_SysTickSetup 050E                 _SystemSleep FF46  
                ?_GpioSetup 050E                 __pbssCOMRAM 0501           _UserAppInitialize FF48  
              ??_UserAppRun 050E          ?_UserAppInitialize 050E              ??_SysTickSetup 050E  
       ??_UserAppInitialize 050E          __end_of_UserAppRun FFFC   __end_of_UserAppInitialize FF4A  
               ??_GpioSetup 050E                    __Hrparam 0000                    __Lrparam 0000  
      __end_of_SysTickSetup FF92  __size_of_UserAppInitialize 0002               __size_of_main 0022  
              ?_SystemSleep 050E          _G_u32SystemTime1ms 0509           _G_u32SystemTime1s 0505  
